<?xml version="1.0" encoding="UTF-8"?>
<testng-results ignored="0" total="40" passed="17" failed="22" skipped="1">
  <reporter-output>
  </reporter-output>
  <suite started-at="2025-07-28T14:28:42 EEST" name="Default suite" finished-at="2025-07-28T14:48:20 EEST" duration-ms="1177644">
    <groups>
      <group name="navigation">
        <method signature="AutomationTestCases.TC12_VerifyHomePage()[pri:12, instance:mariomedhatGo.tests.AutomationTestCases@465232e9]" name="TC12_VerifyHomePage" class="mariomedhatGo.tests.AutomationTestCases"/>
        <method signature="AutomationTestCases.TC14_NavigationTest()[pri:14, instance:mariomedhatGo.tests.AutomationTestCases@465232e9]" name="TC14_NavigationTest" class="mariomedhatGo.tests.AutomationTestCases"/>
      </group> <!-- navigation -->
      <group name="performance">
        <method signature="AutomationTestCases.TC13_SlowConnectionHandling()[pri:13, instance:mariomedhatGo.tests.AutomationTestCases@465232e9]" name="TC13_SlowConnectionHandling" class="mariomedhatGo.tests.AutomationTestCases"/>
      </group> <!-- performance -->
      <group name="regression">
        <method signature="AutomationTestCases.TC02_RegisterWithExistingEmail()[pri:2, instance:mariomedhatGo.tests.AutomationTestCases@465232e9]" name="TC02_RegisterWithExistingEmail" class="mariomedhatGo.tests.AutomationTestCases"/>
        <method signature="AutomationTestCases.TC03_RegisterWithBlankFields()[pri:3, instance:mariomedhatGo.tests.AutomationTestCases@465232e9]" name="TC03_RegisterWithBlankFields" class="mariomedhatGo.tests.AutomationTestCases"/>
        <method signature="AutomationTestCases.TC13_SlowConnectionHandling()[pri:13, instance:mariomedhatGo.tests.AutomationTestCases@465232e9]" name="TC13_SlowConnectionHandling" class="mariomedhatGo.tests.AutomationTestCases"/>
        <method signature="AutomationTestCases.TC05_AddMultipleProductsToCart(java.lang.String)[pri:5, instance:mariomedhatGo.tests.AutomationTestCases@465232e9]" name="TC05_AddMultipleProductsToCart" class="mariomedhatGo.tests.AutomationTestCases"/>
        <method signature="AutomationTestCases.TC06_SearchProduct()[pri:6, instance:mariomedhatGo.tests.AutomationTestCases@465232e9]" name="TC06_SearchProduct" class="mariomedhatGo.tests.AutomationTestCases"/>
        <method signature="AutomationTestCases.TC09_CheckoutWithInvalidPayment(java.lang.String,java.lang.String,java.lang.String,java.lang.String,java.lang.String)[pri:9, instance:mariomedhatGo.tests.AutomationTestCases@465232e9]" name="TC09_CheckoutWithInvalidPayment" class="mariomedhatGo.tests.AutomationTestCases"/>
        <method signature="AutomationTestCases.TC10_GuestCheckout()[pri:10, instance:mariomedhatGo.tests.AutomationTestCases@465232e9]" name="TC10_GuestCheckout" class="mariomedhatGo.tests.AutomationTestCases"/>
        <method signature="AutomationTestCases.TC14_NavigationTest()[pri:14, instance:mariomedhatGo.tests.AutomationTestCases@465232e9]" name="TC14_NavigationTest" class="mariomedhatGo.tests.AutomationTestCases"/>
        <method signature="AutomationTestCases.TC15_DataValidationTest(java.lang.String,java.lang.String,java.lang.String,java.lang.String,java.lang.String,java.lang.String,java.lang.String,java.lang.String,java.lang.String,java.lang.String,java.lang.String,java.lang.String)[pri:15, instance:mariomedhatGo.tests.AutomationTestCases@465232e9]" name="TC15_DataValidationTest" class="mariomedhatGo.tests.AutomationTestCases"/>
      </group> <!-- regression -->
      <group name="smoke">
        <method signature="AutomationTestCases.TC01_RegisterUserSuccessfully()[pri:1, instance:mariomedhatGo.tests.AutomationTestCases@465232e9]" name="TC01_RegisterUserSuccessfully" class="mariomedhatGo.tests.AutomationTestCases"/>
        <method signature="AutomationTestCases.TC11_LoginLogoutFunctionality()[pri:11, instance:mariomedhatGo.tests.AutomationTestCases@465232e9]" name="TC11_LoginLogoutFunctionality" class="mariomedhatGo.tests.AutomationTestCases"/>
        <method signature="AutomationTestCases.TC04_AddSingleProductToCart()[pri:4, instance:mariomedhatGo.tests.AutomationTestCases@465232e9]" name="TC04_AddSingleProductToCart" class="mariomedhatGo.tests.AutomationTestCases"/>
        <method signature="AutomationTestCases.TC07_VerifyProductsPage()[pri:7, instance:mariomedhatGo.tests.AutomationTestCases@465232e9]" name="TC07_VerifyProductsPage" class="mariomedhatGo.tests.AutomationTestCases"/>
        <method signature="AutomationTestCases.TC08_SuccessfulCheckout(java.lang.String,java.lang.String,java.lang.String,java.lang.String,java.lang.String)[pri:8, instance:mariomedhatGo.tests.AutomationTestCases@465232e9]" name="TC08_SuccessfulCheckout" class="mariomedhatGo.tests.AutomationTestCases"/>
        <method signature="AutomationTestCases.TC12_VerifyHomePage()[pri:12, instance:mariomedhatGo.tests.AutomationTestCases@465232e9]" name="TC12_VerifyHomePage" class="mariomedhatGo.tests.AutomationTestCases"/>
      </group> <!-- smoke -->
      <group name="registration">
        <method signature="AutomationTestCases.TC01_RegisterUserSuccessfully()[pri:1, instance:mariomedhatGo.tests.AutomationTestCases@465232e9]" name="TC01_RegisterUserSuccessfully" class="mariomedhatGo.tests.AutomationTestCases"/>
        <method signature="AutomationTestCases.TC02_RegisterWithExistingEmail()[pri:2, instance:mariomedhatGo.tests.AutomationTestCases@465232e9]" name="TC02_RegisterWithExistingEmail" class="mariomedhatGo.tests.AutomationTestCases"/>
        <method signature="AutomationTestCases.TC03_RegisterWithBlankFields()[pri:3, instance:mariomedhatGo.tests.AutomationTestCases@465232e9]" name="TC03_RegisterWithBlankFields" class="mariomedhatGo.tests.AutomationTestCases"/>
      </group> <!-- registration -->
      <group name="checkout">
        <method signature="AutomationTestCases.TC08_SuccessfulCheckout(java.lang.String,java.lang.String,java.lang.String,java.lang.String,java.lang.String)[pri:8, instance:mariomedhatGo.tests.AutomationTestCases@465232e9]" name="TC08_SuccessfulCheckout" class="mariomedhatGo.tests.AutomationTestCases"/>
        <method signature="AutomationTestCases.TC09_CheckoutWithInvalidPayment(java.lang.String,java.lang.String,java.lang.String,java.lang.String,java.lang.String)[pri:9, instance:mariomedhatGo.tests.AutomationTestCases@465232e9]" name="TC09_CheckoutWithInvalidPayment" class="mariomedhatGo.tests.AutomationTestCases"/>
        <method signature="AutomationTestCases.TC10_GuestCheckout()[pri:10, instance:mariomedhatGo.tests.AutomationTestCases@465232e9]" name="TC10_GuestCheckout" class="mariomedhatGo.tests.AutomationTestCases"/>
      </group> <!-- checkout -->
      <group name="user">
        <method signature="AutomationTestCases.TC11_LoginLogoutFunctionality()[pri:11, instance:mariomedhatGo.tests.AutomationTestCases@465232e9]" name="TC11_LoginLogoutFunctionality" class="mariomedhatGo.tests.AutomationTestCases"/>
      </group> <!-- user -->
      <group name="validation">
        <method signature="AutomationTestCases.TC15_DataValidationTest(java.lang.String,java.lang.String,java.lang.String,java.lang.String,java.lang.String,java.lang.String,java.lang.String,java.lang.String,java.lang.String,java.lang.String,java.lang.String,java.lang.String)[pri:15, instance:mariomedhatGo.tests.AutomationTestCases@465232e9]" name="TC15_DataValidationTest" class="mariomedhatGo.tests.AutomationTestCases"/>
      </group> <!-- validation -->
      <group name="products">
        <method signature="AutomationTestCases.TC04_AddSingleProductToCart()[pri:4, instance:mariomedhatGo.tests.AutomationTestCases@465232e9]" name="TC04_AddSingleProductToCart" class="mariomedhatGo.tests.AutomationTestCases"/>
        <method signature="AutomationTestCases.TC05_AddMultipleProductsToCart(java.lang.String)[pri:5, instance:mariomedhatGo.tests.AutomationTestCases@465232e9]" name="TC05_AddMultipleProductsToCart" class="mariomedhatGo.tests.AutomationTestCases"/>
        <method signature="AutomationTestCases.TC06_SearchProduct()[pri:6, instance:mariomedhatGo.tests.AutomationTestCases@465232e9]" name="TC06_SearchProduct" class="mariomedhatGo.tests.AutomationTestCases"/>
        <method signature="AutomationTestCases.TC07_VerifyProductsPage()[pri:7, instance:mariomedhatGo.tests.AutomationTestCases@465232e9]" name="TC07_VerifyProductsPage" class="mariomedhatGo.tests.AutomationTestCases"/>
      </group> <!-- products -->
    </groups>
    <test started-at="2025-07-28T14:28:42 EEST" name="Default test" finished-at="2025-07-28T14:48:20 EEST" duration-ms="1177644">
      <class name="mariomedhatGo.tests.AutomationTestCases">
        <test-method is-config="true" signature="setup(java.lang.String)[pri:0, instance:mariomedhatGo.tests.AutomationTestCases@465232e9]" started-at="2025-07-28T14:28:42 EEST" name="setup" finished-at="2025-07-28T14:28:50 EEST" duration-ms="7930" status="PASS">
          <params>
            <param index="0">
              <value is-null="true"/>
            </param>
          </params>
          <reporter-output>
          </reporter-output>
        </test-method> <!-- setup -->
        <test-method signature="TC01_RegisterUserSuccessfully()[pri:1, instance:mariomedhatGo.tests.AutomationTestCases@465232e9]" started-at="2025-07-28T14:28:50 EEST" name="TC01_RegisterUserSuccessfully" description="TC01_RegisterUserSuccessfully" finished-at="2025-07-28T14:29:01 EEST" duration-ms="10577" status="FAIL">
          <exception class="org.openqa.selenium.ElementClickInterceptedException">
            <message>
              <![CDATA[element click intercepted: Element <input type="checkbox" name="newsletter" id="newsletter" value="1" wfd-id="id7"> is not clickable at point (295, 675). Other element would receive the click: <iframe id="aswift_1" name="aswift_1" browsingtopics="true" style="min-height: auto; max-height: none; min-width: auto; max-width: none; width: 1005px !important; height: 124px !important; display: block; margin: 0px auto;" sandbox="allow-forms allow-popups allow-popups-to-escape-sandbox allow-same-origin allow-scripts allow-top-navigation-by-user-activation" width="1005" height="124" frameborder="0" marginwidth="0" marginheight="0" vspace="0" hspace="0" allowtransparency="true" scrolling="no" allow="attribution-reporting; run-ad-auction" src="https://googleads.g.doubleclick.net/pagead/html/r20250723/r20190131/zrt_lookup_fy2021.html#RS-0-&amp;adk=1812271801&amp;client=ca-pub-1677597403311019&amp;fa=1&amp;ifi=2&amp;uci=a!2&amp;btvi=1" data-google-container-id="a!2" tabindex="0" title="Advertisement" aria-label="Advertisement" data-google-query-id="CLfv9sa5344DFb0XrQYdBmExbw" data-load-complete="true"></iframe>
  (Session info: chrome=138.0.7204.159)
Build info: version: '4.33.0', revision: '2c6aaad03a'
System info: os.name: 'Windows 11', os.arch: 'amd64', os.version: '10.0', java.version: '21.0.7'
Driver info: org.openqa.selenium.chrome.ChromeDriver
Command: [e305b0a34c8abd0d83861aa9f77a896f, clickElement {id=f.181675426FC80BA6A8FBBA13F38DBF18.d.E9AFF37DC8E807213836B593E2331A45.e.67}]
Capabilities {acceptInsecureCerts: false, browserName: chrome, browserVersion: 138.0.7204.159, chrome: {chromedriverVersion: 138.0.7204.168 (3e8d82e86e9..., userDataDir: C:\Users\MARIO\AppData\Loca...}, fedcm:accounts: true, goog:chromeOptions: {debuggerAddress: localhost:52672}, networkConnectionEnabled: false, pageLoadStrategy: normal, platformName: windows, proxy: Proxy(), se:cdp: ws://localhost:52672/devtoo..., se:cdpVersion: 138.0.7204.159, setWindowRect: true, strictFileInteractability: false, timeouts: {implicit: 0, pageLoad: 300000, script: 30000}, unhandledPromptBehavior: dismiss and notify, webauthn:extension:credBlob: true, webauthn:extension:largeBlob: true, webauthn:extension:minPinLength: true, webauthn:extension:prf: true, webauthn:virtualAuthenticators: true}
Element: [[ChromeDriver: chrome on windows (e305b0a34c8abd0d83861aa9f77a896f)] -> id: newsletter]
Session ID: e305b0a34c8abd0d83861aa9f77a896f]]>
            </message>
            <full-stacktrace>
              <![CDATA[org.openqa.selenium.ElementClickInterceptedException: element click intercepted: Element <input type="checkbox" name="newsletter" id="newsletter" value="1" wfd-id="id7"> is not clickable at point (295, 675). Other element would receive the click: <iframe id="aswift_1" name="aswift_1" browsingtopics="true" style="min-height: auto; max-height: none; min-width: auto; max-width: none; width: 1005px !important; height: 124px !important; display: block; margin: 0px auto;" sandbox="allow-forms allow-popups allow-popups-to-escape-sandbox allow-same-origin allow-scripts allow-top-navigation-by-user-activation" width="1005" height="124" frameborder="0" marginwidth="0" marginheight="0" vspace="0" hspace="0" allowtransparency="true" scrolling="no" allow="attribution-reporting; run-ad-auction" src="https://googleads.g.doubleclick.net/pagead/html/r20250723/r20190131/zrt_lookup_fy2021.html#RS-0-&amp;adk=1812271801&amp;client=ca-pub-1677597403311019&amp;fa=1&amp;ifi=2&amp;uci=a!2&amp;btvi=1" data-google-container-id="a!2" tabindex="0" title="Advertisement" aria-label="Advertisement" data-google-query-id="CLfv9sa5344DFb0XrQYdBmExbw" data-load-complete="true"></iframe>
  (Session info: chrome=138.0.7204.159)
Build info: version: '4.33.0', revision: '2c6aaad03a'
System info: os.name: 'Windows 11', os.arch: 'amd64', os.version: '10.0', java.version: '21.0.7'
Driver info: org.openqa.selenium.chrome.ChromeDriver
Command: [e305b0a34c8abd0d83861aa9f77a896f, clickElement {id=f.181675426FC80BA6A8FBBA13F38DBF18.d.E9AFF37DC8E807213836B593E2331A45.e.67}]
Capabilities {acceptInsecureCerts: false, browserName: chrome, browserVersion: 138.0.7204.159, chrome: {chromedriverVersion: 138.0.7204.168 (3e8d82e86e9..., userDataDir: C:\Users\MARIO\AppData\Loca...}, fedcm:accounts: true, goog:chromeOptions: {debuggerAddress: localhost:52672}, networkConnectionEnabled: false, pageLoadStrategy: normal, platformName: windows, proxy: Proxy(), se:cdp: ws://localhost:52672/devtoo..., se:cdpVersion: 138.0.7204.159, setWindowRect: true, strictFileInteractability: false, timeouts: {implicit: 0, pageLoad: 300000, script: 30000}, unhandledPromptBehavior: dismiss and notify, webauthn:extension:credBlob: true, webauthn:extension:largeBlob: true, webauthn:extension:minPinLength: true, webauthn:extension:prf: true, webauthn:virtualAuthenticators: true}
Element: [[ChromeDriver: chrome on windows (e305b0a34c8abd0d83861aa9f77a896f)] -> id: newsletter]
Session ID: e305b0a34c8abd0d83861aa9f77a896f
at java.base/jdk.internal.reflect.DirectConstructorHandleAccessor.newInstance(DirectConstructorHandleAccessor.java:62)
at java.base/java.lang.reflect.Constructor.newInstanceWithCaller(Constructor.java:502)
at java.base/java.lang.reflect.Constructor.newInstance(Constructor.java:486)
at org.openqa.selenium.remote.ErrorCodec.decode(ErrorCodec.java:167)
at org.openqa.selenium.remote.codec.w3c.W3CHttpResponseCodec.decode(W3CHttpResponseCodec.java:138)
at org.openqa.selenium.remote.codec.w3c.W3CHttpResponseCodec.decode(W3CHttpResponseCodec.java:50)
at org.openqa.selenium.remote.HttpCommandExecutor.execute(HttpCommandExecutor.java:215)
at org.openqa.selenium.remote.service.DriverCommandExecutor.invokeExecute(DriverCommandExecutor.java:216)
at org.openqa.selenium.remote.service.DriverCommandExecutor.execute(DriverCommandExecutor.java:174)
at org.openqa.selenium.remote.RemoteWebDriver.execute(RemoteWebDriver.java:544)
at org.openqa.selenium.remote.RemoteWebElement.execute(RemoteWebElement.java:223)
at org.openqa.selenium.remote.RemoteWebElement.click(RemoteWebElement.java:76)
at java.base/jdk.internal.reflect.DirectMethodHandleAccessor.invoke(DirectMethodHandleAccessor.java:103)
at java.base/java.lang.reflect.Method.invoke(Method.java:580)
at org.openqa.selenium.support.pagefactory.internal.LocatingElementHandler.invoke(LocatingElementHandler.java:51)
at jdk.proxy2/jdk.proxy2.$Proxy14.click(Unknown Source)
at mariomedhatGo.pageopjects.BasePage.clickElement(BasePage.java:42)
at mariomedhatGo.pageopjects.RegPage.fillBasicAccountInfo(RegPage.java:131)
at mariomedhatGo.pageopjects.RegPage.completeRegistration(RegPage.java:174)
at mariomedhatGo.tests.AutomationTestCases.TC01_RegisterUserSuccessfully(AutomationTestCases.java:22)
at java.base/jdk.internal.reflect.DirectMethodHandleAccessor.invoke(DirectMethodHandleAccessor.java:103)
at java.base/java.lang.reflect.Method.invoke(Method.java:580)
at org.testng.internal.invokers.MethodInvocationHelper.invokeMethod(MethodInvocationHelper.java:141)
at org.testng.internal.invokers.TestInvoker.invokeMethod(TestInvoker.java:687)
at org.testng.internal.invokers.TestInvoker.invokeTestMethod(TestInvoker.java:230)
at org.testng.internal.invokers.MethodRunner.runInSequence(MethodRunner.java:63)
at org.testng.internal.invokers.TestInvoker$MethodInvocationAgent.invoke(TestInvoker.java:995)
at org.testng.internal.invokers.TestInvoker.invokeTestMethods(TestInvoker.java:203)
at org.testng.internal.invokers.TestMethodWorker.invokeTestMethods(TestMethodWorker.java:154)
at org.testng.internal.invokers.TestMethodWorker.run(TestMethodWorker.java:134)
at java.base/java.util.ArrayList.forEach(ArrayList.java:1596)
at org.testng.TestRunner.privateRun(TestRunner.java:741)
at org.testng.TestRunner.run(TestRunner.java:616)
at org.testng.SuiteRunner.runTest(SuiteRunner.java:421)
at org.testng.SuiteRunner.runSequentially(SuiteRunner.java:413)
at org.testng.SuiteRunner.privateRun(SuiteRunner.java:373)
at org.testng.SuiteRunner.run(SuiteRunner.java:312)
at org.testng.SuiteRunnerWorker.runSuite(SuiteRunnerWorker.java:52)
at org.testng.SuiteRunnerWorker.run(SuiteRunnerWorker.java:95)
at org.testng.TestNG.runSuitesSequentially(TestNG.java:1274)
at org.testng.TestNG.runSuitesLocally(TestNG.java:1208)
at org.testng.TestNG.runSuites(TestNG.java:1112)
at org.testng.TestNG.run(TestNG.java:1079)
at org.testng.remote.AbstractRemoteTestNG.run(AbstractRemoteTestNG.java:115)
at org.testng.remote.RemoteTestNG.initAndRun(RemoteTestNG.java:293)
at org.testng.remote.RemoteTestNG.main(RemoteTestNG.java:91)
]]>
            </full-stacktrace>
          </exception> <!-- org.openqa.selenium.ElementClickInterceptedException -->
          <reporter-output>
          </reporter-output>
        </test-method> <!-- TC01_RegisterUserSuccessfully -->
        <test-method is-config="true" signature="tearDown()[pri:0, instance:mariomedhatGo.tests.AutomationTestCases@465232e9]" started-at="2025-07-28T14:29:01 EEST" name="tearDown" finished-at="2025-07-28T14:29:01 EEST" duration-ms="295" status="PASS">
          <reporter-output>
          </reporter-output>
        </test-method> <!-- tearDown -->
        <test-method signature="TC02_RegisterWithExistingEmail()[pri:2, instance:mariomedhatGo.tests.AutomationTestCases@465232e9]" started-at="2025-07-28T14:29:01 EEST" name="TC02_RegisterWithExistingEmail" description="TC02_RegisterWithExistingEmail" finished-at="2025-07-28T14:29:01 EEST" depends-on-methods="mariomedhatGo.tests.AutomationTestCases.TC01_RegisterUserSuccessfully" duration-ms="0" status="SKIP">
          <exception class="java.lang.Throwable">
            <message>
              <![CDATA[Method mariomedhatGo.tests.AutomationTestCases.TC02_RegisterWithExistingEmail() on instance mariomedhatGo.tests.AutomationTestCases@465232e9 depends on not successfully finished methods 
[mariomedhatGo.tests.AutomationTestCases.TC01_RegisterUserSuccessfully() on instance mariomedhatGo.tests.AutomationTestCases@465232e9]]]>
            </message>
            <full-stacktrace>
              <![CDATA[java.lang.Throwable: Method mariomedhatGo.tests.AutomationTestCases.TC02_RegisterWithExistingEmail() on instance mariomedhatGo.tests.AutomationTestCases@465232e9 depends on not successfully finished methods 
[mariomedhatGo.tests.AutomationTestCases.TC01_RegisterUserSuccessfully() on instance mariomedhatGo.tests.AutomationTestCases@465232e9]
at org.testng.internal.invokers.TestInvoker.invokeTestMethods(TestInvoker.java:159)
at org.testng.internal.invokers.TestMethodWorker.invokeTestMethods(TestMethodWorker.java:154)
at org.testng.internal.invokers.TestMethodWorker.run(TestMethodWorker.java:134)
at java.base/java.util.ArrayList.forEach(ArrayList.java:1596)
at org.testng.TestRunner.privateRun(TestRunner.java:741)
at org.testng.TestRunner.run(TestRunner.java:616)
at org.testng.SuiteRunner.runTest(SuiteRunner.java:421)
at org.testng.SuiteRunner.runSequentially(SuiteRunner.java:413)
at org.testng.SuiteRunner.privateRun(SuiteRunner.java:373)
at org.testng.SuiteRunner.run(SuiteRunner.java:312)
at org.testng.SuiteRunnerWorker.runSuite(SuiteRunnerWorker.java:52)
at org.testng.SuiteRunnerWorker.run(SuiteRunnerWorker.java:95)
at org.testng.TestNG.runSuitesSequentially(TestNG.java:1274)
at org.testng.TestNG.runSuitesLocally(TestNG.java:1208)
at org.testng.TestNG.runSuites(TestNG.java:1112)
at org.testng.TestNG.run(TestNG.java:1079)
at org.testng.remote.AbstractRemoteTestNG.run(AbstractRemoteTestNG.java:115)
at org.testng.remote.RemoteTestNG.initAndRun(RemoteTestNG.java:293)
at org.testng.remote.RemoteTestNG.main(RemoteTestNG.java:91)
]]>
            </full-stacktrace>
          </exception> <!-- java.lang.Throwable -->
          <reporter-output>
          </reporter-output>
        </test-method> <!-- TC02_RegisterWithExistingEmail -->
        <test-method is-config="true" signature="setup(java.lang.String)[pri:0, instance:mariomedhatGo.tests.AutomationTestCases@465232e9]" started-at="2025-07-28T14:29:01 EEST" name="setup" finished-at="2025-07-28T14:29:18 EEST" duration-ms="17247" status="PASS">
          <params>
            <param index="0">
              <value is-null="true"/>
            </param>
          </params>
          <reporter-output>
          </reporter-output>
        </test-method> <!-- setup -->
        <test-method signature="TC03_RegisterWithBlankFields()[pri:3, instance:mariomedhatGo.tests.AutomationTestCases@465232e9]" started-at="2025-07-28T14:29:18 EEST" name="TC03_RegisterWithBlankFields" description="TC03_RegisterWithBlankFields" finished-at="2025-07-28T14:29:23 EEST" duration-ms="4573" status="PASS">
          <reporter-output>
          </reporter-output>
        </test-method> <!-- TC03_RegisterWithBlankFields -->
        <test-method is-config="true" signature="tearDown()[pri:0, instance:mariomedhatGo.tests.AutomationTestCases@465232e9]" started-at="2025-07-28T14:29:23 EEST" name="tearDown" finished-at="2025-07-28T14:29:24 EEST" duration-ms="914" status="PASS">
          <reporter-output>
          </reporter-output>
        </test-method> <!-- tearDown -->
        <test-method is-config="true" signature="setup(java.lang.String)[pri:0, instance:mariomedhatGo.tests.AutomationTestCases@465232e9]" started-at="2025-07-28T14:29:24 EEST" name="setup" finished-at="2025-07-28T14:29:31 EEST" duration-ms="6919" status="PASS">
          <params>
            <param index="0">
              <value is-null="true"/>
            </param>
          </params>
          <reporter-output>
          </reporter-output>
        </test-method> <!-- setup -->
        <test-method signature="TC04_AddSingleProductToCart()[pri:4, instance:mariomedhatGo.tests.AutomationTestCases@465232e9]" started-at="2025-07-28T14:29:31 EEST" name="TC04_AddSingleProductToCart" description="TC04_AddSingleProductToCart" finished-at="2025-07-28T14:29:54 EEST" duration-ms="23496" status="FAIL">
          <exception class="org.openqa.selenium.ElementClickInterceptedException">
            <message>
              <![CDATA[element click intercepted: Element <a data-product-id="21" class="btn btn-default add-to-cart">...</a> is not clickable at point (626, 636). Other element would receive the click: <iframe id="aswift_1" name="aswift_1" browsingtopics="true" style="min-height: auto; max-height: none; min-width: auto; max-width: none; width: 728px !important; height: 90px !important; display: block; margin: 0px auto;" sandbox="allow-forms allow-popups allow-popups-to-escape-sandbox allow-same-origin allow-scripts allow-top-navigation-by-user-activation" width="728" height="90" frameborder="0" marginwidth="0" marginheight="0" vspace="0" hspace="0" allowtransparency="true" scrolling="no" allow="attribution-reporting; run-ad-auction" src="https://googleads.g.doubleclick.net/pagead/html/r20250723/r20190131/zrt_lookup_fy2021.html#RS-0-&amp;adk=1812271801&amp;client=ca-pub-1677597403311019&amp;fa=1&amp;ifi=2&amp;uci=a!2&amp;btvi=1" data-google-container-id="a!2" tabindex="0" title="Advertisement" aria-label="Advertisement" data-google-query-id="CJ606-C5344DFVwX-QAdxIELVw" data-load-complete="true"></iframe>
  (Session info: chrome=138.0.7204.159)
Build info: version: '4.33.0', revision: '2c6aaad03a'
System info: os.name: 'Windows 11', os.arch: 'amd64', os.version: '10.0', java.version: '21.0.7'
Driver info: org.openqa.selenium.chrome.ChromeDriver
Command: [2b2a00be2a83513483e495c8de97b819, clickElement {id=f.4BA9B099A07B11AC189E924382E9AB71.d.6867E7687DA988203EB705EB078C9A8A.e.207}]
Capabilities {acceptInsecureCerts: false, browserName: chrome, browserVersion: 138.0.7204.159, chrome: {chromedriverVersion: 138.0.7204.168 (3e8d82e86e9..., userDataDir: C:\Users\MARIO\AppData\Loca...}, fedcm:accounts: true, goog:chromeOptions: {debuggerAddress: localhost:52836}, networkConnectionEnabled: false, pageLoadStrategy: normal, platformName: windows, proxy: Proxy(), se:cdp: ws://localhost:52836/devtoo..., se:cdpVersion: 138.0.7204.159, setWindowRect: true, strictFileInteractability: false, timeouts: {implicit: 0, pageLoad: 300000, script: 30000}, unhandledPromptBehavior: dismiss and notify, webauthn:extension:credBlob: true, webauthn:extension:largeBlob: true, webauthn:extension:minPinLength: true, webauthn:extension:prf: true, webauthn:virtualAuthenticators: true}
Element: [[[[ChromeDriver: chrome on windows (2b2a00be2a83513483e495c8de97b819)] -> css selector: div.single-products]] -> css selector: a.add-to-cart]
Session ID: 2b2a00be2a83513483e495c8de97b819]]>
            </message>
            <full-stacktrace>
              <![CDATA[org.openqa.selenium.ElementClickInterceptedException: element click intercepted: Element <a data-product-id="21" class="btn btn-default add-to-cart">...</a> is not clickable at point (626, 636). Other element would receive the click: <iframe id="aswift_1" name="aswift_1" browsingtopics="true" style="min-height: auto; max-height: none; min-width: auto; max-width: none; width: 728px !important; height: 90px !important; display: block; margin: 0px auto;" sandbox="allow-forms allow-popups allow-popups-to-escape-sandbox allow-same-origin allow-scripts allow-top-navigation-by-user-activation" width="728" height="90" frameborder="0" marginwidth="0" marginheight="0" vspace="0" hspace="0" allowtransparency="true" scrolling="no" allow="attribution-reporting; run-ad-auction" src="https://googleads.g.doubleclick.net/pagead/html/r20250723/r20190131/zrt_lookup_fy2021.html#RS-0-&amp;adk=1812271801&amp;client=ca-pub-1677597403311019&amp;fa=1&amp;ifi=2&amp;uci=a!2&amp;btvi=1" data-google-container-id="a!2" tabindex="0" title="Advertisement" aria-label="Advertisement" data-google-query-id="CJ606-C5344DFVwX-QAdxIELVw" data-load-complete="true"></iframe>
  (Session info: chrome=138.0.7204.159)
Build info: version: '4.33.0', revision: '2c6aaad03a'
System info: os.name: 'Windows 11', os.arch: 'amd64', os.version: '10.0', java.version: '21.0.7'
Driver info: org.openqa.selenium.chrome.ChromeDriver
Command: [2b2a00be2a83513483e495c8de97b819, clickElement {id=f.4BA9B099A07B11AC189E924382E9AB71.d.6867E7687DA988203EB705EB078C9A8A.e.207}]
Capabilities {acceptInsecureCerts: false, browserName: chrome, browserVersion: 138.0.7204.159, chrome: {chromedriverVersion: 138.0.7204.168 (3e8d82e86e9..., userDataDir: C:\Users\MARIO\AppData\Loca...}, fedcm:accounts: true, goog:chromeOptions: {debuggerAddress: localhost:52836}, networkConnectionEnabled: false, pageLoadStrategy: normal, platformName: windows, proxy: Proxy(), se:cdp: ws://localhost:52836/devtoo..., se:cdpVersion: 138.0.7204.159, setWindowRect: true, strictFileInteractability: false, timeouts: {implicit: 0, pageLoad: 300000, script: 30000}, unhandledPromptBehavior: dismiss and notify, webauthn:extension:credBlob: true, webauthn:extension:largeBlob: true, webauthn:extension:minPinLength: true, webauthn:extension:prf: true, webauthn:virtualAuthenticators: true}
Element: [[[[ChromeDriver: chrome on windows (2b2a00be2a83513483e495c8de97b819)] -> css selector: div.single-products]] -> css selector: a.add-to-cart]
Session ID: 2b2a00be2a83513483e495c8de97b819
at java.base/jdk.internal.reflect.DirectConstructorHandleAccessor.newInstance(DirectConstructorHandleAccessor.java:62)
at java.base/java.lang.reflect.Constructor.newInstanceWithCaller(Constructor.java:502)
at java.base/java.lang.reflect.Constructor.newInstance(Constructor.java:486)
at org.openqa.selenium.remote.ErrorCodec.decode(ErrorCodec.java:167)
at org.openqa.selenium.remote.codec.w3c.W3CHttpResponseCodec.decode(W3CHttpResponseCodec.java:138)
at org.openqa.selenium.remote.codec.w3c.W3CHttpResponseCodec.decode(W3CHttpResponseCodec.java:50)
at org.openqa.selenium.remote.HttpCommandExecutor.execute(HttpCommandExecutor.java:215)
at org.openqa.selenium.remote.service.DriverCommandExecutor.invokeExecute(DriverCommandExecutor.java:216)
at org.openqa.selenium.remote.service.DriverCommandExecutor.execute(DriverCommandExecutor.java:174)
at org.openqa.selenium.remote.RemoteWebDriver.execute(RemoteWebDriver.java:544)
at org.openqa.selenium.remote.RemoteWebElement.execute(RemoteWebElement.java:223)
at org.openqa.selenium.remote.RemoteWebElement.click(RemoteWebElement.java:76)
at mariomedhatGo.pageopjects.BasePage.clickElement(BasePage.java:42)
at mariomedhatGo.pageopjects.ProductPage.addProductToCart(ProductPage.java:76)
at mariomedhatGo.tests.AutomationTestCases.TC04_AddSingleProductToCart(AutomationTestCases.java:85)
at java.base/jdk.internal.reflect.DirectMethodHandleAccessor.invoke(DirectMethodHandleAccessor.java:103)
at java.base/java.lang.reflect.Method.invoke(Method.java:580)
at org.testng.internal.invokers.MethodInvocationHelper.invokeMethod(MethodInvocationHelper.java:141)
at org.testng.internal.invokers.TestInvoker.invokeMethod(TestInvoker.java:687)
at org.testng.internal.invokers.TestInvoker.invokeTestMethod(TestInvoker.java:230)
at org.testng.internal.invokers.MethodRunner.runInSequence(MethodRunner.java:63)
at org.testng.internal.invokers.TestInvoker$MethodInvocationAgent.invoke(TestInvoker.java:995)
at org.testng.internal.invokers.TestInvoker.invokeTestMethods(TestInvoker.java:203)
at org.testng.internal.invokers.TestMethodWorker.invokeTestMethods(TestMethodWorker.java:154)
at org.testng.internal.invokers.TestMethodWorker.run(TestMethodWorker.java:134)
at java.base/java.util.ArrayList.forEach(ArrayList.java:1596)
at org.testng.TestRunner.privateRun(TestRunner.java:741)
at org.testng.TestRunner.run(TestRunner.java:616)
at org.testng.SuiteRunner.runTest(SuiteRunner.java:421)
at org.testng.SuiteRunner.runSequentially(SuiteRunner.java:413)
at org.testng.SuiteRunner.privateRun(SuiteRunner.java:373)
at org.testng.SuiteRunner.run(SuiteRunner.java:312)
at org.testng.SuiteRunnerWorker.runSuite(SuiteRunnerWorker.java:52)
at org.testng.SuiteRunnerWorker.run(SuiteRunnerWorker.java:95)
at org.testng.TestNG.runSuitesSequentially(TestNG.java:1274)
at org.testng.TestNG.runSuitesLocally(TestNG.java:1208)
at org.testng.TestNG.runSuites(TestNG.java:1112)
at org.testng.TestNG.run(TestNG.java:1079)
at org.testng.remote.AbstractRemoteTestNG.run(AbstractRemoteTestNG.java:115)
at org.testng.remote.RemoteTestNG.initAndRun(RemoteTestNG.java:293)
at org.testng.remote.RemoteTestNG.main(RemoteTestNG.java:91)
]]>
            </full-stacktrace>
          </exception> <!-- org.openqa.selenium.ElementClickInterceptedException -->
          <reporter-output>
          </reporter-output>
        </test-method> <!-- TC04_AddSingleProductToCart -->
        <test-method is-config="true" signature="tearDown()[pri:0, instance:mariomedhatGo.tests.AutomationTestCases@465232e9]" started-at="2025-07-28T14:29:54 EEST" name="tearDown" finished-at="2025-07-28T14:29:55 EEST" duration-ms="427" status="PASS">
          <reporter-output>
          </reporter-output>
        </test-method> <!-- tearDown -->
        <test-method is-config="true" signature="setup(java.lang.String)[pri:0, instance:mariomedhatGo.tests.AutomationTestCases@465232e9]" started-at="2025-07-28T14:29:55 EEST" name="setup" finished-at="2025-07-28T14:29:59 EEST" duration-ms="4571" status="PASS">
          <params>
            <param index="0">
              <value is-null="true"/>
            </param>
          </params>
          <reporter-output>
          </reporter-output>
        </test-method> <!-- setup -->
        <test-method signature="TC05_AddMultipleProductsToCart(java.lang.String)[pri:5, instance:mariomedhatGo.tests.AutomationTestCases@465232e9]" started-at="2025-07-28T14:29:59 EEST" name="TC05_AddMultipleProductsToCart" description="TC05_AddMultipleProductsToCart" data-provider="productData" finished-at="2025-07-28T14:30:28 EEST" duration-ms="28538" status="PASS">
          <params>
            <param index="0">
              <value>
                <![CDATA[Blue Cotton Indie Mickey Dress]]>
              </value>
            </param>
          </params>
          <reporter-output>
          </reporter-output>
        </test-method> <!-- TC05_AddMultipleProductsToCart -->
        <test-method is-config="true" signature="tearDown()[pri:0, instance:mariomedhatGo.tests.AutomationTestCases@465232e9]" started-at="2025-07-28T14:30:28 EEST" name="tearDown" finished-at="2025-07-28T14:30:28 EEST" duration-ms="358" status="PASS">
          <reporter-output>
          </reporter-output>
        </test-method> <!-- tearDown -->
        <test-method is-config="true" signature="setup(java.lang.String)[pri:0, instance:mariomedhatGo.tests.AutomationTestCases@465232e9]" started-at="2025-07-28T14:30:28 EEST" name="setup" finished-at="2025-07-28T14:30:35 EEST" duration-ms="7225" status="PASS">
          <params>
            <param index="0">
              <value is-null="true"/>
            </param>
          </params>
          <reporter-output>
          </reporter-output>
        </test-method> <!-- setup -->
        <test-method signature="TC05_AddMultipleProductsToCart(java.lang.String)[pri:5, instance:mariomedhatGo.tests.AutomationTestCases@465232e9]" started-at="2025-07-28T14:30:35 EEST" name="TC05_AddMultipleProductsToCart" description="TC05_AddMultipleProductsToCart" data-provider="productData" finished-at="2025-07-28T14:31:01 EEST" duration-ms="25964" status="PASS">
          <params>
            <param index="0">
              <value>
                <![CDATA[Men Tshirt]]>
              </value>
            </param>
          </params>
          <reporter-output>
          </reporter-output>
        </test-method> <!-- TC05_AddMultipleProductsToCart -->
        <test-method is-config="true" signature="tearDown()[pri:0, instance:mariomedhatGo.tests.AutomationTestCases@465232e9]" started-at="2025-07-28T14:31:01 EEST" name="tearDown" finished-at="2025-07-28T14:31:02 EEST" duration-ms="184" status="PASS">
          <reporter-output>
          </reporter-output>
        </test-method> <!-- tearDown -->
        <test-method is-config="true" signature="setup(java.lang.String)[pri:0, instance:mariomedhatGo.tests.AutomationTestCases@465232e9]" started-at="2025-07-28T14:31:02 EEST" name="setup" finished-at="2025-07-28T14:31:08 EEST" duration-ms="6569" status="PASS">
          <params>
            <param index="0">
              <value is-null="true"/>
            </param>
          </params>
          <reporter-output>
          </reporter-output>
        </test-method> <!-- setup -->
        <test-method signature="TC05_AddMultipleProductsToCart(java.lang.String)[pri:5, instance:mariomedhatGo.tests.AutomationTestCases@465232e9]" started-at="2025-07-28T14:31:08 EEST" name="TC05_AddMultipleProductsToCart" description="TC05_AddMultipleProductsToCart" data-provider="productData" finished-at="2025-07-28T14:31:26 EEST" duration-ms="17415" status="PASS">
          <params>
            <param index="0">
              <value>
                <![CDATA[Sleeveless Dress]]>
              </value>
            </param>
          </params>
          <reporter-output>
          </reporter-output>
        </test-method> <!-- TC05_AddMultipleProductsToCart -->
        <test-method is-config="true" signature="tearDown()[pri:0, instance:mariomedhatGo.tests.AutomationTestCases@465232e9]" started-at="2025-07-28T14:31:26 EEST" name="tearDown" finished-at="2025-07-28T14:31:26 EEST" duration-ms="285" status="PASS">
          <reporter-output>
          </reporter-output>
        </test-method> <!-- tearDown -->
        <test-method is-config="true" signature="setup(java.lang.String)[pri:0, instance:mariomedhatGo.tests.AutomationTestCases@465232e9]" started-at="2025-07-28T14:31:26 EEST" name="setup" finished-at="2025-07-28T14:31:32 EEST" duration-ms="6508" status="PASS">
          <params>
            <param index="0">
              <value is-null="true"/>
            </param>
          </params>
          <reporter-output>
          </reporter-output>
        </test-method> <!-- setup -->
        <test-method signature="TC05_AddMultipleProductsToCart(java.lang.String)[pri:5, instance:mariomedhatGo.tests.AutomationTestCases@465232e9]" started-at="2025-07-28T14:31:32 EEST" name="TC05_AddMultipleProductsToCart" description="TC05_AddMultipleProductsToCart" data-provider="productData" finished-at="2025-07-28T14:31:52 EEST" duration-ms="19397" status="FAIL">
          <params>
            <param index="0">
              <value>
                <![CDATA[Stylish Dress]]>
              </value>
            </param>
          </params>
          <exception class="org.openqa.selenium.ElementClickInterceptedException">
            <message>
              <![CDATA[element click intercepted: Element <a data-product-id="4" class="btn btn-default add-to-cart">...</a> is not clickable at point (626, 635). Other element would receive the click: <iframe id="aswift_1" name="aswift_1" browsingtopics="true" style="min-height: auto; max-height: none; min-width: auto; max-width: none; width: 728px !important; height: 90px !important; display: block; margin: 0px auto;" sandbox="allow-forms allow-popups allow-popups-to-escape-sandbox allow-same-origin allow-scripts allow-top-navigation-by-user-activation" width="728" height="90" frameborder="0" marginwidth="0" marginheight="0" vspace="0" hspace="0" allowtransparency="true" scrolling="no" allow="attribution-reporting; run-ad-auction" src="https://googleads.g.doubleclick.net/pagead/html/r20250723/r20190131/zrt_lookup_fy2021.html#RS-0-&amp;adk=1812271801&amp;client=ca-pub-1677597403311019&amp;fa=1&amp;ifi=2&amp;uci=a!2&amp;btvi=1" data-google-container-id="a!2" tabindex="0" title="Advertisement" aria-label="Advertisement" data-google-query-id="CLGzyZi6344DFek1-QAdAhkAlg" data-load-complete="true"></iframe>
  (Session info: chrome=138.0.7204.159)
Build info: version: '4.33.0', revision: '2c6aaad03a'
System info: os.name: 'Windows 11', os.arch: 'amd64', os.version: '10.0', java.version: '21.0.7'
Driver info: org.openqa.selenium.chrome.ChromeDriver
Command: [a37a7fdb15216a9cfc5d47a5b8efbc3a, clickElement {id=f.9A0D6ED9A1314D0D80B71261D63D01A0.d.F8677D65682F0F2E5FC983A939ED8B08.e.198}]
Capabilities {acceptInsecureCerts: false, browserName: chrome, browserVersion: 138.0.7204.159, chrome: {chromedriverVersion: 138.0.7204.168 (3e8d82e86e9..., userDataDir: C:\Users\MARIO\AppData\Loca...}, fedcm:accounts: true, goog:chromeOptions: {debuggerAddress: localhost:53265}, networkConnectionEnabled: false, pageLoadStrategy: normal, platformName: windows, proxy: Proxy(), se:cdp: ws://localhost:53265/devtoo..., se:cdpVersion: 138.0.7204.159, setWindowRect: true, strictFileInteractability: false, timeouts: {implicit: 0, pageLoad: 300000, script: 30000}, unhandledPromptBehavior: dismiss and notify, webauthn:extension:credBlob: true, webauthn:extension:largeBlob: true, webauthn:extension:minPinLength: true, webauthn:extension:prf: true, webauthn:virtualAuthenticators: true}
Element: [[[[ChromeDriver: chrome on windows (a37a7fdb15216a9cfc5d47a5b8efbc3a)] -> css selector: div.single-products]] -> css selector: a.add-to-cart]
Session ID: a37a7fdb15216a9cfc5d47a5b8efbc3a]]>
            </message>
            <full-stacktrace>
              <![CDATA[org.openqa.selenium.ElementClickInterceptedException: element click intercepted: Element <a data-product-id="4" class="btn btn-default add-to-cart">...</a> is not clickable at point (626, 635). Other element would receive the click: <iframe id="aswift_1" name="aswift_1" browsingtopics="true" style="min-height: auto; max-height: none; min-width: auto; max-width: none; width: 728px !important; height: 90px !important; display: block; margin: 0px auto;" sandbox="allow-forms allow-popups allow-popups-to-escape-sandbox allow-same-origin allow-scripts allow-top-navigation-by-user-activation" width="728" height="90" frameborder="0" marginwidth="0" marginheight="0" vspace="0" hspace="0" allowtransparency="true" scrolling="no" allow="attribution-reporting; run-ad-auction" src="https://googleads.g.doubleclick.net/pagead/html/r20250723/r20190131/zrt_lookup_fy2021.html#RS-0-&amp;adk=1812271801&amp;client=ca-pub-1677597403311019&amp;fa=1&amp;ifi=2&amp;uci=a!2&amp;btvi=1" data-google-container-id="a!2" tabindex="0" title="Advertisement" aria-label="Advertisement" data-google-query-id="CLGzyZi6344DFek1-QAdAhkAlg" data-load-complete="true"></iframe>
  (Session info: chrome=138.0.7204.159)
Build info: version: '4.33.0', revision: '2c6aaad03a'
System info: os.name: 'Windows 11', os.arch: 'amd64', os.version: '10.0', java.version: '21.0.7'
Driver info: org.openqa.selenium.chrome.ChromeDriver
Command: [a37a7fdb15216a9cfc5d47a5b8efbc3a, clickElement {id=f.9A0D6ED9A1314D0D80B71261D63D01A0.d.F8677D65682F0F2E5FC983A939ED8B08.e.198}]
Capabilities {acceptInsecureCerts: false, browserName: chrome, browserVersion: 138.0.7204.159, chrome: {chromedriverVersion: 138.0.7204.168 (3e8d82e86e9..., userDataDir: C:\Users\MARIO\AppData\Loca...}, fedcm:accounts: true, goog:chromeOptions: {debuggerAddress: localhost:53265}, networkConnectionEnabled: false, pageLoadStrategy: normal, platformName: windows, proxy: Proxy(), se:cdp: ws://localhost:53265/devtoo..., se:cdpVersion: 138.0.7204.159, setWindowRect: true, strictFileInteractability: false, timeouts: {implicit: 0, pageLoad: 300000, script: 30000}, unhandledPromptBehavior: dismiss and notify, webauthn:extension:credBlob: true, webauthn:extension:largeBlob: true, webauthn:extension:minPinLength: true, webauthn:extension:prf: true, webauthn:virtualAuthenticators: true}
Element: [[[[ChromeDriver: chrome on windows (a37a7fdb15216a9cfc5d47a5b8efbc3a)] -> css selector: div.single-products]] -> css selector: a.add-to-cart]
Session ID: a37a7fdb15216a9cfc5d47a5b8efbc3a
at java.base/jdk.internal.reflect.DirectConstructorHandleAccessor.newInstance(DirectConstructorHandleAccessor.java:62)
at java.base/java.lang.reflect.Constructor.newInstanceWithCaller(Constructor.java:502)
at java.base/java.lang.reflect.Constructor.newInstance(Constructor.java:486)
at org.openqa.selenium.remote.ErrorCodec.decode(ErrorCodec.java:167)
at org.openqa.selenium.remote.codec.w3c.W3CHttpResponseCodec.decode(W3CHttpResponseCodec.java:138)
at org.openqa.selenium.remote.codec.w3c.W3CHttpResponseCodec.decode(W3CHttpResponseCodec.java:50)
at org.openqa.selenium.remote.HttpCommandExecutor.execute(HttpCommandExecutor.java:215)
at org.openqa.selenium.remote.service.DriverCommandExecutor.invokeExecute(DriverCommandExecutor.java:216)
at org.openqa.selenium.remote.service.DriverCommandExecutor.execute(DriverCommandExecutor.java:174)
at org.openqa.selenium.remote.RemoteWebDriver.execute(RemoteWebDriver.java:544)
at org.openqa.selenium.remote.RemoteWebElement.execute(RemoteWebElement.java:223)
at org.openqa.selenium.remote.RemoteWebElement.click(RemoteWebElement.java:76)
at mariomedhatGo.pageopjects.BasePage.clickElement(BasePage.java:42)
at mariomedhatGo.pageopjects.ProductPage.addProductToCart(ProductPage.java:76)
at mariomedhatGo.tests.AutomationTestCases.TC05_AddMultipleProductsToCart(AutomationTestCases.java:112)
at java.base/jdk.internal.reflect.DirectMethodHandleAccessor.invoke(DirectMethodHandleAccessor.java:103)
at java.base/java.lang.reflect.Method.invoke(Method.java:580)
at org.testng.internal.invokers.MethodInvocationHelper.invokeMethod(MethodInvocationHelper.java:141)
at org.testng.internal.invokers.TestInvoker.invokeMethod(TestInvoker.java:687)
at org.testng.internal.invokers.TestInvoker.invokeTestMethod(TestInvoker.java:230)
at org.testng.internal.invokers.MethodRunner.runInSequence(MethodRunner.java:63)
at org.testng.internal.invokers.TestInvoker$MethodInvocationAgent.invoke(TestInvoker.java:995)
at org.testng.internal.invokers.TestInvoker.invokeTestMethods(TestInvoker.java:203)
at org.testng.internal.invokers.TestMethodWorker.invokeTestMethods(TestMethodWorker.java:154)
at org.testng.internal.invokers.TestMethodWorker.run(TestMethodWorker.java:134)
at java.base/java.util.ArrayList.forEach(ArrayList.java:1596)
at org.testng.TestRunner.privateRun(TestRunner.java:741)
at org.testng.TestRunner.run(TestRunner.java:616)
at org.testng.SuiteRunner.runTest(SuiteRunner.java:421)
at org.testng.SuiteRunner.runSequentially(SuiteRunner.java:413)
at org.testng.SuiteRunner.privateRun(SuiteRunner.java:373)
at org.testng.SuiteRunner.run(SuiteRunner.java:312)
at org.testng.SuiteRunnerWorker.runSuite(SuiteRunnerWorker.java:52)
at org.testng.SuiteRunnerWorker.run(SuiteRunnerWorker.java:95)
at org.testng.TestNG.runSuitesSequentially(TestNG.java:1274)
at org.testng.TestNG.runSuitesLocally(TestNG.java:1208)
at org.testng.TestNG.runSuites(TestNG.java:1112)
at org.testng.TestNG.run(TestNG.java:1079)
at org.testng.remote.AbstractRemoteTestNG.run(AbstractRemoteTestNG.java:115)
at org.testng.remote.RemoteTestNG.initAndRun(RemoteTestNG.java:293)
at org.testng.remote.RemoteTestNG.main(RemoteTestNG.java:91)
]]>
            </full-stacktrace>
          </exception> <!-- org.openqa.selenium.ElementClickInterceptedException -->
          <reporter-output>
          </reporter-output>
        </test-method> <!-- TC05_AddMultipleProductsToCart -->
        <test-method is-config="true" signature="tearDown()[pri:0, instance:mariomedhatGo.tests.AutomationTestCases@465232e9]" started-at="2025-07-28T14:31:52 EEST" name="tearDown" finished-at="2025-07-28T14:31:52 EEST" duration-ms="333" status="PASS">
          <reporter-output>
          </reporter-output>
        </test-method> <!-- tearDown -->
        <test-method is-config="true" signature="setup(java.lang.String)[pri:0, instance:mariomedhatGo.tests.AutomationTestCases@465232e9]" started-at="2025-07-28T14:31:52 EEST" name="setup" finished-at="2025-07-28T14:31:58 EEST" duration-ms="5596" status="PASS">
          <params>
            <param index="0">
              <value is-null="true"/>
            </param>
          </params>
          <reporter-output>
          </reporter-output>
        </test-method> <!-- setup -->
        <test-method signature="TC05_AddMultipleProductsToCart(java.lang.String)[pri:5, instance:mariomedhatGo.tests.AutomationTestCases@465232e9]" started-at="2025-07-28T14:31:58 EEST" name="TC05_AddMultipleProductsToCart" description="TC05_AddMultipleProductsToCart" data-provider="productData" finished-at="2025-07-28T14:32:48 EEST" duration-ms="50633" status="FAIL">
          <params>
            <param index="0">
              <value>
                <![CDATA[Winter Top]]>
              </value>
            </param>
          </params>
          <exception class="org.openqa.selenium.TimeoutException">
            <message>
              <![CDATA[timeout: Timed out receiving message from renderer: 28.742
  (Session info: chrome=138.0.7204.159)
Build info: version: '4.33.0', revision: '2c6aaad03a'
System info: os.name: 'Windows 11', os.arch: 'amd64', os.version: '10.0', java.version: '21.0.7'
Driver info: org.openqa.selenium.chrome.ChromeDriver
Command: [275b797b6fb616621ad64a5ca99d9da3, get {url=https://automationexercise.com/products}]
Capabilities {acceptInsecureCerts: false, browserName: chrome, browserVersion: 138.0.7204.159, chrome: {chromedriverVersion: 138.0.7204.168 (3e8d82e86e9..., userDataDir: C:\Users\MARIO\AppData\Loca...}, fedcm:accounts: true, goog:chromeOptions: {debuggerAddress: localhost:53379}, networkConnectionEnabled: false, pageLoadStrategy: normal, platformName: windows, proxy: Proxy(), se:cdp: ws://localhost:53379/devtoo..., se:cdpVersion: 138.0.7204.159, setWindowRect: true, strictFileInteractability: false, timeouts: {implicit: 0, pageLoad: 300000, script: 30000}, unhandledPromptBehavior: dismiss and notify, webauthn:extension:credBlob: true, webauthn:extension:largeBlob: true, webauthn:extension:minPinLength: true, webauthn:extension:prf: true, webauthn:virtualAuthenticators: true}
Session ID: 275b797b6fb616621ad64a5ca99d9da3]]>
            </message>
            <full-stacktrace>
              <![CDATA[org.openqa.selenium.TimeoutException: timeout: Timed out receiving message from renderer: 28.742
  (Session info: chrome=138.0.7204.159)
Build info: version: '4.33.0', revision: '2c6aaad03a'
System info: os.name: 'Windows 11', os.arch: 'amd64', os.version: '10.0', java.version: '21.0.7'
Driver info: org.openqa.selenium.chrome.ChromeDriver
Command: [275b797b6fb616621ad64a5ca99d9da3, get {url=https://automationexercise.com/products}]
Capabilities {acceptInsecureCerts: false, browserName: chrome, browserVersion: 138.0.7204.159, chrome: {chromedriverVersion: 138.0.7204.168 (3e8d82e86e9..., userDataDir: C:\Users\MARIO\AppData\Loca...}, fedcm:accounts: true, goog:chromeOptions: {debuggerAddress: localhost:53379}, networkConnectionEnabled: false, pageLoadStrategy: normal, platformName: windows, proxy: Proxy(), se:cdp: ws://localhost:53379/devtoo..., se:cdpVersion: 138.0.7204.159, setWindowRect: true, strictFileInteractability: false, timeouts: {implicit: 0, pageLoad: 300000, script: 30000}, unhandledPromptBehavior: dismiss and notify, webauthn:extension:credBlob: true, webauthn:extension:largeBlob: true, webauthn:extension:minPinLength: true, webauthn:extension:prf: true, webauthn:virtualAuthenticators: true}
Session ID: 275b797b6fb616621ad64a5ca99d9da3
at java.base/jdk.internal.reflect.DirectConstructorHandleAccessor.newInstance(DirectConstructorHandleAccessor.java:62)
at java.base/java.lang.reflect.Constructor.newInstanceWithCaller(Constructor.java:502)
at java.base/java.lang.reflect.Constructor.newInstance(Constructor.java:486)
at org.openqa.selenium.remote.ErrorCodec.decode(ErrorCodec.java:167)
at org.openqa.selenium.remote.codec.w3c.W3CHttpResponseCodec.decode(W3CHttpResponseCodec.java:138)
at org.openqa.selenium.remote.codec.w3c.W3CHttpResponseCodec.decode(W3CHttpResponseCodec.java:50)
at org.openqa.selenium.remote.HttpCommandExecutor.execute(HttpCommandExecutor.java:215)
at org.openqa.selenium.remote.service.DriverCommandExecutor.invokeExecute(DriverCommandExecutor.java:216)
at org.openqa.selenium.remote.service.DriverCommandExecutor.execute(DriverCommandExecutor.java:174)
at org.openqa.selenium.remote.RemoteWebDriver.execute(RemoteWebDriver.java:544)
at org.openqa.selenium.remote.RemoteWebDriver.get(RemoteWebDriver.java:312)
at mariomedhatGo.tests.BaseTest.navigateToProducts(BaseTest.java:116)
at mariomedhatGo.tests.AutomationTestCases.TC05_AddMultipleProductsToCart(AutomationTestCases.java:105)
at java.base/jdk.internal.reflect.DirectMethodHandleAccessor.invoke(DirectMethodHandleAccessor.java:103)
at java.base/java.lang.reflect.Method.invoke(Method.java:580)
at org.testng.internal.invokers.MethodInvocationHelper.invokeMethod(MethodInvocationHelper.java:141)
at org.testng.internal.invokers.TestInvoker.invokeMethod(TestInvoker.java:687)
at org.testng.internal.invokers.TestInvoker.invokeTestMethod(TestInvoker.java:230)
at org.testng.internal.invokers.MethodRunner.runInSequence(MethodRunner.java:63)
at org.testng.internal.invokers.TestInvoker$MethodInvocationAgent.invoke(TestInvoker.java:995)
at org.testng.internal.invokers.TestInvoker.invokeTestMethods(TestInvoker.java:203)
at org.testng.internal.invokers.TestMethodWorker.invokeTestMethods(TestMethodWorker.java:154)
at org.testng.internal.invokers.TestMethodWorker.run(TestMethodWorker.java:134)
at java.base/java.util.ArrayList.forEach(ArrayList.java:1596)
at org.testng.TestRunner.privateRun(TestRunner.java:741)
at org.testng.TestRunner.run(TestRunner.java:616)
at org.testng.SuiteRunner.runTest(SuiteRunner.java:421)
at org.testng.SuiteRunner.runSequentially(SuiteRunner.java:413)
at org.testng.SuiteRunner.privateRun(SuiteRunner.java:373)
at org.testng.SuiteRunner.run(SuiteRunner.java:312)
at org.testng.SuiteRunnerWorker.runSuite(SuiteRunnerWorker.java:52)
at org.testng.SuiteRunnerWorker.run(SuiteRunnerWorker.java:95)
at org.testng.TestNG.runSuitesSequentially(TestNG.java:1274)
at org.testng.TestNG.runSuitesLocally(TestNG.java:1208)
at org.testng.TestNG.runSuites(TestNG.java:1112)
at org.testng.TestNG.run(TestNG.java:1079)
at org.testng.remote.AbstractRemoteTestNG.run(AbstractRemoteTestNG.java:115)
at org.testng.remote.RemoteTestNG.initAndRun(RemoteTestNG.java:293)
at org.testng.remote.RemoteTestNG.main(RemoteTestNG.java:91)
]]>
            </full-stacktrace>
          </exception> <!-- org.openqa.selenium.TimeoutException -->
          <reporter-output>
          </reporter-output>
        </test-method> <!-- TC05_AddMultipleProductsToCart -->
        <test-method is-config="true" signature="tearDown()[pri:0, instance:mariomedhatGo.tests.AutomationTestCases@465232e9]" started-at="2025-07-28T14:32:48 EEST" name="tearDown" finished-at="2025-07-28T14:32:49 EEST" duration-ms="293" status="PASS">
          <reporter-output>
          </reporter-output>
        </test-method> <!-- tearDown -->
        <test-method is-config="true" signature="setup(java.lang.String)[pri:0, instance:mariomedhatGo.tests.AutomationTestCases@465232e9]" started-at="2025-07-28T14:32:49 EEST" name="setup" finished-at="2025-07-28T14:32:54 EEST" duration-ms="5643" status="PASS">
          <params>
            <param index="0">
              <value is-null="true"/>
            </param>
          </params>
          <reporter-output>
          </reporter-output>
        </test-method> <!-- setup -->
        <test-method signature="TC05_AddMultipleProductsToCart(java.lang.String)[pri:5, instance:mariomedhatGo.tests.AutomationTestCases@465232e9]" started-at="2025-07-28T14:32:54 EEST" name="TC05_AddMultipleProductsToCart" description="TC05_AddMultipleProductsToCart" data-provider="productData" finished-at="2025-07-28T14:33:15 EEST" duration-ms="20184" status="PASS">
          <params>
            <param index="0">
              <value>
                <![CDATA[Summer White Top]]>
              </value>
            </param>
          </params>
          <reporter-output>
          </reporter-output>
        </test-method> <!-- TC05_AddMultipleProductsToCart -->
        <test-method is-config="true" signature="tearDown()[pri:0, instance:mariomedhatGo.tests.AutomationTestCases@465232e9]" started-at="2025-07-28T14:33:15 EEST" name="tearDown" finished-at="2025-07-28T14:33:15 EEST" duration-ms="320" status="PASS">
          <reporter-output>
          </reporter-output>
        </test-method> <!-- tearDown -->
        <test-method is-config="true" signature="setup(java.lang.String)[pri:0, instance:mariomedhatGo.tests.AutomationTestCases@465232e9]" started-at="2025-07-28T14:33:15 EEST" name="setup" finished-at="2025-07-28T14:33:20 EEST" duration-ms="5174" status="PASS">
          <params>
            <param index="0">
              <value is-null="true"/>
            </param>
          </params>
          <reporter-output>
          </reporter-output>
        </test-method> <!-- setup -->
        <test-method signature="TC05_AddMultipleProductsToCart(java.lang.String)[pri:5, instance:mariomedhatGo.tests.AutomationTestCases@465232e9]" started-at="2025-07-28T14:33:20 EEST" name="TC05_AddMultipleProductsToCart" description="TC05_AddMultipleProductsToCart" data-provider="productData" finished-at="2025-07-28T14:33:36 EEST" duration-ms="16442" status="FAIL">
          <params>
            <param index="0">
              <value>
                <![CDATA[Madame Top For Women]]>
              </value>
            </param>
          </params>
          <exception class="org.openqa.selenium.ElementClickInterceptedException">
            <message>
              <![CDATA[element click intercepted: Element <a data-product-id="7" class="btn btn-default add-to-cart">...</a> is not clickable at point (626, 636). Other element would receive the click: <iframe id="aswift_1" name="aswift_1" browsingtopics="true" style="min-height: auto; max-height: none; min-width: auto; max-width: none; width: 728px !important; height: 90px !important; display: block; margin: 0px auto;" sandbox="allow-forms allow-popups allow-popups-to-escape-sandbox allow-same-origin allow-scripts allow-top-navigation-by-user-activation" width="728" height="90" frameborder="0" marginwidth="0" marginheight="0" vspace="0" hspace="0" allowtransparency="true" scrolling="no" allow="attribution-reporting; run-ad-auction" src="https://googleads.g.doubleclick.net/pagead/html/r20250723/r20190131/zrt_lookup_fy2021.html#RS-0-&amp;adk=1812271801&amp;client=ca-pub-1677597403311019&amp;fa=1&amp;ifi=2&amp;uci=a!2&amp;btvi=1" data-google-container-id="a!2" tabindex="0" title="Advertisement" aria-label="Advertisement" data-google-query-id="CIv13sq6344DFWVOqwIds5g3KA" data-load-complete="true"></iframe>
  (Session info: chrome=138.0.7204.159)
Build info: version: '4.33.0', revision: '2c6aaad03a'
System info: os.name: 'Windows 11', os.arch: 'amd64', os.version: '10.0', java.version: '21.0.7'
Driver info: org.openqa.selenium.chrome.ChromeDriver
Command: [bca7582eb82b35d3b6d8f402811b734d, clickElement {id=f.437F569A62D163D9580B715DE112D289.d.EA30E26F069E9A5F39676D24B796A58F.e.195}]
Capabilities {acceptInsecureCerts: false, browserName: chrome, browserVersion: 138.0.7204.159, chrome: {chromedriverVersion: 138.0.7204.168 (3e8d82e86e9..., userDataDir: C:\Users\MARIO\AppData\Loca...}, fedcm:accounts: true, goog:chromeOptions: {debuggerAddress: localhost:53670}, networkConnectionEnabled: false, pageLoadStrategy: normal, platformName: windows, proxy: Proxy(), se:cdp: ws://localhost:53670/devtoo..., se:cdpVersion: 138.0.7204.159, setWindowRect: true, strictFileInteractability: false, timeouts: {implicit: 0, pageLoad: 300000, script: 30000}, unhandledPromptBehavior: dismiss and notify, webauthn:extension:credBlob: true, webauthn:extension:largeBlob: true, webauthn:extension:minPinLength: true, webauthn:extension:prf: true, webauthn:virtualAuthenticators: true}
Element: [[[[ChromeDriver: chrome on windows (bca7582eb82b35d3b6d8f402811b734d)] -> css selector: div.single-products]] -> css selector: a.add-to-cart]
Session ID: bca7582eb82b35d3b6d8f402811b734d]]>
            </message>
            <full-stacktrace>
              <![CDATA[org.openqa.selenium.ElementClickInterceptedException: element click intercepted: Element <a data-product-id="7" class="btn btn-default add-to-cart">...</a> is not clickable at point (626, 636). Other element would receive the click: <iframe id="aswift_1" name="aswift_1" browsingtopics="true" style="min-height: auto; max-height: none; min-width: auto; max-width: none; width: 728px !important; height: 90px !important; display: block; margin: 0px auto;" sandbox="allow-forms allow-popups allow-popups-to-escape-sandbox allow-same-origin allow-scripts allow-top-navigation-by-user-activation" width="728" height="90" frameborder="0" marginwidth="0" marginheight="0" vspace="0" hspace="0" allowtransparency="true" scrolling="no" allow="attribution-reporting; run-ad-auction" src="https://googleads.g.doubleclick.net/pagead/html/r20250723/r20190131/zrt_lookup_fy2021.html#RS-0-&amp;adk=1812271801&amp;client=ca-pub-1677597403311019&amp;fa=1&amp;ifi=2&amp;uci=a!2&amp;btvi=1" data-google-container-id="a!2" tabindex="0" title="Advertisement" aria-label="Advertisement" data-google-query-id="CIv13sq6344DFWVOqwIds5g3KA" data-load-complete="true"></iframe>
  (Session info: chrome=138.0.7204.159)
Build info: version: '4.33.0', revision: '2c6aaad03a'
System info: os.name: 'Windows 11', os.arch: 'amd64', os.version: '10.0', java.version: '21.0.7'
Driver info: org.openqa.selenium.chrome.ChromeDriver
Command: [bca7582eb82b35d3b6d8f402811b734d, clickElement {id=f.437F569A62D163D9580B715DE112D289.d.EA30E26F069E9A5F39676D24B796A58F.e.195}]
Capabilities {acceptInsecureCerts: false, browserName: chrome, browserVersion: 138.0.7204.159, chrome: {chromedriverVersion: 138.0.7204.168 (3e8d82e86e9..., userDataDir: C:\Users\MARIO\AppData\Loca...}, fedcm:accounts: true, goog:chromeOptions: {debuggerAddress: localhost:53670}, networkConnectionEnabled: false, pageLoadStrategy: normal, platformName: windows, proxy: Proxy(), se:cdp: ws://localhost:53670/devtoo..., se:cdpVersion: 138.0.7204.159, setWindowRect: true, strictFileInteractability: false, timeouts: {implicit: 0, pageLoad: 300000, script: 30000}, unhandledPromptBehavior: dismiss and notify, webauthn:extension:credBlob: true, webauthn:extension:largeBlob: true, webauthn:extension:minPinLength: true, webauthn:extension:prf: true, webauthn:virtualAuthenticators: true}
Element: [[[[ChromeDriver: chrome on windows (bca7582eb82b35d3b6d8f402811b734d)] -> css selector: div.single-products]] -> css selector: a.add-to-cart]
Session ID: bca7582eb82b35d3b6d8f402811b734d
at java.base/jdk.internal.reflect.DirectConstructorHandleAccessor.newInstance(DirectConstructorHandleAccessor.java:62)
at java.base/java.lang.reflect.Constructor.newInstanceWithCaller(Constructor.java:502)
at java.base/java.lang.reflect.Constructor.newInstance(Constructor.java:486)
at org.openqa.selenium.remote.ErrorCodec.decode(ErrorCodec.java:167)
at org.openqa.selenium.remote.codec.w3c.W3CHttpResponseCodec.decode(W3CHttpResponseCodec.java:138)
at org.openqa.selenium.remote.codec.w3c.W3CHttpResponseCodec.decode(W3CHttpResponseCodec.java:50)
at org.openqa.selenium.remote.HttpCommandExecutor.execute(HttpCommandExecutor.java:215)
at org.openqa.selenium.remote.service.DriverCommandExecutor.invokeExecute(DriverCommandExecutor.java:216)
at org.openqa.selenium.remote.service.DriverCommandExecutor.execute(DriverCommandExecutor.java:174)
at org.openqa.selenium.remote.RemoteWebDriver.execute(RemoteWebDriver.java:544)
at org.openqa.selenium.remote.RemoteWebElement.execute(RemoteWebElement.java:223)
at org.openqa.selenium.remote.RemoteWebElement.click(RemoteWebElement.java:76)
at mariomedhatGo.pageopjects.BasePage.clickElement(BasePage.java:42)
at mariomedhatGo.pageopjects.ProductPage.addProductToCart(ProductPage.java:76)
at mariomedhatGo.tests.AutomationTestCases.TC05_AddMultipleProductsToCart(AutomationTestCases.java:112)
at java.base/jdk.internal.reflect.DirectMethodHandleAccessor.invoke(DirectMethodHandleAccessor.java:103)
at java.base/java.lang.reflect.Method.invoke(Method.java:580)
at org.testng.internal.invokers.MethodInvocationHelper.invokeMethod(MethodInvocationHelper.java:141)
at org.testng.internal.invokers.TestInvoker.invokeMethod(TestInvoker.java:687)
at org.testng.internal.invokers.TestInvoker.invokeTestMethod(TestInvoker.java:230)
at org.testng.internal.invokers.MethodRunner.runInSequence(MethodRunner.java:63)
at org.testng.internal.invokers.TestInvoker$MethodInvocationAgent.invoke(TestInvoker.java:995)
at org.testng.internal.invokers.TestInvoker.invokeTestMethods(TestInvoker.java:203)
at org.testng.internal.invokers.TestMethodWorker.invokeTestMethods(TestMethodWorker.java:154)
at org.testng.internal.invokers.TestMethodWorker.run(TestMethodWorker.java:134)
at java.base/java.util.ArrayList.forEach(ArrayList.java:1596)
at org.testng.TestRunner.privateRun(TestRunner.java:741)
at org.testng.TestRunner.run(TestRunner.java:616)
at org.testng.SuiteRunner.runTest(SuiteRunner.java:421)
at org.testng.SuiteRunner.runSequentially(SuiteRunner.java:413)
at org.testng.SuiteRunner.privateRun(SuiteRunner.java:373)
at org.testng.SuiteRunner.run(SuiteRunner.java:312)
at org.testng.SuiteRunnerWorker.runSuite(SuiteRunnerWorker.java:52)
at org.testng.SuiteRunnerWorker.run(SuiteRunnerWorker.java:95)
at org.testng.TestNG.runSuitesSequentially(TestNG.java:1274)
at org.testng.TestNG.runSuitesLocally(TestNG.java:1208)
at org.testng.TestNG.runSuites(TestNG.java:1112)
at org.testng.TestNG.run(TestNG.java:1079)
at org.testng.remote.AbstractRemoteTestNG.run(AbstractRemoteTestNG.java:115)
at org.testng.remote.RemoteTestNG.initAndRun(RemoteTestNG.java:293)
at org.testng.remote.RemoteTestNG.main(RemoteTestNG.java:91)
]]>
            </full-stacktrace>
          </exception> <!-- org.openqa.selenium.ElementClickInterceptedException -->
          <reporter-output>
          </reporter-output>
        </test-method> <!-- TC05_AddMultipleProductsToCart -->
        <test-method is-config="true" signature="tearDown()[pri:0, instance:mariomedhatGo.tests.AutomationTestCases@465232e9]" started-at="2025-07-28T14:33:36 EEST" name="tearDown" finished-at="2025-07-28T14:33:37 EEST" duration-ms="310" status="PASS">
          <reporter-output>
          </reporter-output>
        </test-method> <!-- tearDown -->
        <test-method is-config="true" signature="setup(java.lang.String)[pri:0, instance:mariomedhatGo.tests.AutomationTestCases@465232e9]" started-at="2025-07-28T14:33:37 EEST" name="setup" finished-at="2025-07-28T14:33:43 EEST" duration-ms="5748" status="PASS">
          <params>
            <param index="0">
              <value is-null="true"/>
            </param>
          </params>
          <reporter-output>
          </reporter-output>
        </test-method> <!-- setup -->
        <test-method signature="TC05_AddMultipleProductsToCart(java.lang.String)[pri:5, instance:mariomedhatGo.tests.AutomationTestCases@465232e9]" started-at="2025-07-28T14:33:43 EEST" name="TC05_AddMultipleProductsToCart" description="TC05_AddMultipleProductsToCart" data-provider="productData" finished-at="2025-07-28T14:33:49 EEST" duration-ms="6288" status="FAIL">
          <params>
            <param index="0">
              <value>
                <![CDATA[Fancy Green Top]]>
              </value>
            </param>
          </params>
          <exception class="org.openqa.selenium.ElementClickInterceptedException">
            <message>
              <![CDATA[element click intercepted: Element <input type="checkbox" name="newsletter" id="newsletter" value="1" wfd-id="id7"> is not clickable at point (295, 675). Other element would receive the click: <iframe id="aswift_3" name="aswift_3" browsingtopics="true" style="min-height: auto; max-height: none; min-width: auto; max-width: none; width: 1005px !important; height: 124px !important; display: block; margin: 0px auto;" sandbox="allow-forms allow-popups allow-popups-to-escape-sandbox allow-same-origin allow-scripts allow-top-navigation-by-user-activation" width="1005" height="124" frameborder="0" marginwidth="0" marginheight="0" vspace="0" hspace="0" allowtransparency="true" scrolling="no" allow="attribution-reporting; run-ad-auction" src="https://googleads.g.doubleclick.net/pagead/html/r20250723/r20190131/zrt_lookup_fy2021.html#RS-0-&amp;adk=1812271801&amp;client=ca-pub-1677597403311019&amp;fa=1&amp;ifi=4&amp;uci=a!4&amp;btvi=3" data-google-container-id="a!4" tabindex="0" title="Advertisement" aria-label="Advertisement" data-google-query-id="CLzVv9C6344DFQtY9ggdSQ06-g" data-load-complete="true"></iframe>
  (Session info: chrome=138.0.7204.159)
Build info: version: '4.33.0', revision: '2c6aaad03a'
System info: os.name: 'Windows 11', os.arch: 'amd64', os.version: '10.0', java.version: '21.0.7'
Driver info: org.openqa.selenium.chrome.ChromeDriver
Command: [e281a1cbd8828d65403d17337dbb8964, clickElement {id=f.31331843D1C7559FCFA7C13D1D289D42.d.FB4507C4F27F3A487A9CB029F383E5EF.e.65}]
Capabilities {acceptInsecureCerts: false, browserName: chrome, browserVersion: 138.0.7204.159, chrome: {chromedriverVersion: 138.0.7204.168 (3e8d82e86e9..., userDataDir: C:\Users\MARIO\AppData\Loca...}, fedcm:accounts: true, goog:chromeOptions: {debuggerAddress: localhost:53782}, networkConnectionEnabled: false, pageLoadStrategy: normal, platformName: windows, proxy: Proxy(), se:cdp: ws://localhost:53782/devtoo..., se:cdpVersion: 138.0.7204.159, setWindowRect: true, strictFileInteractability: false, timeouts: {implicit: 0, pageLoad: 300000, script: 30000}, unhandledPromptBehavior: dismiss and notify, webauthn:extension:credBlob: true, webauthn:extension:largeBlob: true, webauthn:extension:minPinLength: true, webauthn:extension:prf: true, webauthn:virtualAuthenticators: true}
Element: [[ChromeDriver: chrome on windows (e281a1cbd8828d65403d17337dbb8964)] -> id: newsletter]
Session ID: e281a1cbd8828d65403d17337dbb8964]]>
            </message>
            <full-stacktrace>
              <![CDATA[org.openqa.selenium.ElementClickInterceptedException: element click intercepted: Element <input type="checkbox" name="newsletter" id="newsletter" value="1" wfd-id="id7"> is not clickable at point (295, 675). Other element would receive the click: <iframe id="aswift_3" name="aswift_3" browsingtopics="true" style="min-height: auto; max-height: none; min-width: auto; max-width: none; width: 1005px !important; height: 124px !important; display: block; margin: 0px auto;" sandbox="allow-forms allow-popups allow-popups-to-escape-sandbox allow-same-origin allow-scripts allow-top-navigation-by-user-activation" width="1005" height="124" frameborder="0" marginwidth="0" marginheight="0" vspace="0" hspace="0" allowtransparency="true" scrolling="no" allow="attribution-reporting; run-ad-auction" src="https://googleads.g.doubleclick.net/pagead/html/r20250723/r20190131/zrt_lookup_fy2021.html#RS-0-&amp;adk=1812271801&amp;client=ca-pub-1677597403311019&amp;fa=1&amp;ifi=4&amp;uci=a!4&amp;btvi=3" data-google-container-id="a!4" tabindex="0" title="Advertisement" aria-label="Advertisement" data-google-query-id="CLzVv9C6344DFQtY9ggdSQ06-g" data-load-complete="true"></iframe>
  (Session info: chrome=138.0.7204.159)
Build info: version: '4.33.0', revision: '2c6aaad03a'
System info: os.name: 'Windows 11', os.arch: 'amd64', os.version: '10.0', java.version: '21.0.7'
Driver info: org.openqa.selenium.chrome.ChromeDriver
Command: [e281a1cbd8828d65403d17337dbb8964, clickElement {id=f.31331843D1C7559FCFA7C13D1D289D42.d.FB4507C4F27F3A487A9CB029F383E5EF.e.65}]
Capabilities {acceptInsecureCerts: false, browserName: chrome, browserVersion: 138.0.7204.159, chrome: {chromedriverVersion: 138.0.7204.168 (3e8d82e86e9..., userDataDir: C:\Users\MARIO\AppData\Loca...}, fedcm:accounts: true, goog:chromeOptions: {debuggerAddress: localhost:53782}, networkConnectionEnabled: false, pageLoadStrategy: normal, platformName: windows, proxy: Proxy(), se:cdp: ws://localhost:53782/devtoo..., se:cdpVersion: 138.0.7204.159, setWindowRect: true, strictFileInteractability: false, timeouts: {implicit: 0, pageLoad: 300000, script: 30000}, unhandledPromptBehavior: dismiss and notify, webauthn:extension:credBlob: true, webauthn:extension:largeBlob: true, webauthn:extension:minPinLength: true, webauthn:extension:prf: true, webauthn:virtualAuthenticators: true}
Element: [[ChromeDriver: chrome on windows (e281a1cbd8828d65403d17337dbb8964)] -> id: newsletter]
Session ID: e281a1cbd8828d65403d17337dbb8964
at java.base/jdk.internal.reflect.DirectConstructorHandleAccessor.newInstance(DirectConstructorHandleAccessor.java:62)
at java.base/java.lang.reflect.Constructor.newInstanceWithCaller(Constructor.java:502)
at java.base/java.lang.reflect.Constructor.newInstance(Constructor.java:486)
at org.openqa.selenium.remote.ErrorCodec.decode(ErrorCodec.java:167)
at org.openqa.selenium.remote.codec.w3c.W3CHttpResponseCodec.decode(W3CHttpResponseCodec.java:138)
at org.openqa.selenium.remote.codec.w3c.W3CHttpResponseCodec.decode(W3CHttpResponseCodec.java:50)
at org.openqa.selenium.remote.HttpCommandExecutor.execute(HttpCommandExecutor.java:215)
at org.openqa.selenium.remote.service.DriverCommandExecutor.invokeExecute(DriverCommandExecutor.java:216)
at org.openqa.selenium.remote.service.DriverCommandExecutor.execute(DriverCommandExecutor.java:174)
at org.openqa.selenium.remote.RemoteWebDriver.execute(RemoteWebDriver.java:544)
at org.openqa.selenium.remote.RemoteWebElement.execute(RemoteWebElement.java:223)
at org.openqa.selenium.remote.RemoteWebElement.click(RemoteWebElement.java:76)
at java.base/jdk.internal.reflect.DirectMethodHandleAccessor.invoke(DirectMethodHandleAccessor.java:103)
at java.base/java.lang.reflect.Method.invoke(Method.java:580)
at org.openqa.selenium.support.pagefactory.internal.LocatingElementHandler.invoke(LocatingElementHandler.java:51)
at jdk.proxy2/jdk.proxy2.$Proxy14.click(Unknown Source)
at mariomedhatGo.pageopjects.BasePage.clickElement(BasePage.java:42)
at mariomedhatGo.pageopjects.RegPage.fillBasicAccountInfo(RegPage.java:131)
at mariomedhatGo.pageopjects.RegPage.completeRegistration(RegPage.java:174)
at mariomedhatGo.tests.AutomationTestCases.TC01_RegisterUserSuccessfully(AutomationTestCases.java:22)
at mariomedhatGo.tests.AutomationTestCases.TC05_AddMultipleProductsToCart(AutomationTestCases.java:102)
at java.base/jdk.internal.reflect.DirectMethodHandleAccessor.invoke(DirectMethodHandleAccessor.java:103)
at java.base/java.lang.reflect.Method.invoke(Method.java:580)
at org.testng.internal.invokers.MethodInvocationHelper.invokeMethod(MethodInvocationHelper.java:141)
at org.testng.internal.invokers.TestInvoker.invokeMethod(TestInvoker.java:687)
at org.testng.internal.invokers.TestInvoker.invokeTestMethod(TestInvoker.java:230)
at org.testng.internal.invokers.MethodRunner.runInSequence(MethodRunner.java:63)
at org.testng.internal.invokers.TestInvoker$MethodInvocationAgent.invoke(TestInvoker.java:995)
at org.testng.internal.invokers.TestInvoker.invokeTestMethods(TestInvoker.java:203)
at org.testng.internal.invokers.TestMethodWorker.invokeTestMethods(TestMethodWorker.java:154)
at org.testng.internal.invokers.TestMethodWorker.run(TestMethodWorker.java:134)
at java.base/java.util.ArrayList.forEach(ArrayList.java:1596)
at org.testng.TestRunner.privateRun(TestRunner.java:741)
at org.testng.TestRunner.run(TestRunner.java:616)
at org.testng.SuiteRunner.runTest(SuiteRunner.java:421)
at org.testng.SuiteRunner.runSequentially(SuiteRunner.java:413)
at org.testng.SuiteRunner.privateRun(SuiteRunner.java:373)
at org.testng.SuiteRunner.run(SuiteRunner.java:312)
at org.testng.SuiteRunnerWorker.runSuite(SuiteRunnerWorker.java:52)
at org.testng.SuiteRunnerWorker.run(SuiteRunnerWorker.java:95)
at org.testng.TestNG.runSuitesSequentially(TestNG.java:1274)
at org.testng.TestNG.runSuitesLocally(TestNG.java:1208)
at org.testng.TestNG.runSuites(TestNG.java:1112)
at org.testng.TestNG.run(TestNG.java:1079)
at org.testng.remote.AbstractRemoteTestNG.run(AbstractRemoteTestNG.java:115)
at org.testng.remote.RemoteTestNG.initAndRun(RemoteTestNG.java:293)
at org.testng.remote.RemoteTestNG.main(RemoteTestNG.java:91)
]]>
            </full-stacktrace>
          </exception> <!-- org.openqa.selenium.ElementClickInterceptedException -->
          <reporter-output>
          </reporter-output>
        </test-method> <!-- TC05_AddMultipleProductsToCart -->
        <test-method is-config="true" signature="tearDown()[pri:0, instance:mariomedhatGo.tests.AutomationTestCases@465232e9]" started-at="2025-07-28T14:33:49 EEST" name="tearDown" finished-at="2025-07-28T14:33:49 EEST" duration-ms="238" status="PASS">
          <reporter-output>
          </reporter-output>
        </test-method> <!-- tearDown -->
        <test-method is-config="true" signature="setup(java.lang.String)[pri:0, instance:mariomedhatGo.tests.AutomationTestCases@465232e9]" started-at="2025-07-28T14:33:49 EEST" name="setup" finished-at="2025-07-28T14:33:56 EEST" duration-ms="7125" status="PASS">
          <params>
            <param index="0">
              <value is-null="true"/>
            </param>
          </params>
          <reporter-output>
          </reporter-output>
        </test-method> <!-- setup -->
        <test-method signature="TC05_AddMultipleProductsToCart(java.lang.String)[pri:5, instance:mariomedhatGo.tests.AutomationTestCases@465232e9]" started-at="2025-07-28T14:33:56 EEST" name="TC05_AddMultipleProductsToCart" description="TC05_AddMultipleProductsToCart" data-provider="productData" finished-at="2025-07-28T14:34:37 EEST" duration-ms="40292" status="FAIL">
          <params>
            <param index="0">
              <value>
                <![CDATA[Regular Fit Straight Jeans]]>
              </value>
            </param>
          </params>
          <exception class="org.openqa.selenium.ElementClickInterceptedException">
            <message>
              <![CDATA[element click intercepted: Element <a data-product-id="35" class="btn btn-default add-to-cart">...</a> is not clickable at point (914, 636). Other element would receive the click: <iframe id="aswift_1" name="aswift_1" browsingtopics="true" style="min-height: auto; max-height: none; min-width: auto; max-width: none; width: 970px !important; height: 90px !important; display: block; margin: 0px auto;" sandbox="allow-forms allow-popups allow-popups-to-escape-sandbox allow-same-origin allow-scripts allow-top-navigation-by-user-activation" width="970" height="90" frameborder="0" marginwidth="0" marginheight="0" vspace="0" hspace="0" allowtransparency="true" scrolling="no" allow="attribution-reporting; run-ad-auction" src="https://googleads.g.doubleclick.net/pagead/html/r20250723/r20190131/zrt_lookup_fy2021.html#RS-0-&amp;adk=1812271801&amp;client=ca-pub-1677597403311019&amp;fa=1&amp;ifi=2&amp;uci=a!2&amp;btvi=1" data-google-container-id="a!2" tabindex="0" title="Advertisement" aria-label="Advertisement" data-google-query-id="CNTUhN66344DFWdYqwIdgRw7LA" data-load-complete="true"></iframe>
  (Session info: chrome=138.0.7204.159)
Build info: version: '4.33.0', revision: '2c6aaad03a'
System info: os.name: 'Windows 11', os.arch: 'amd64', os.version: '10.0', java.version: '21.0.7'
Driver info: org.openqa.selenium.chrome.ChromeDriver
Command: [13765f5913a11786034288e434c33ab7, clickElement {id=f.9730AF49C48FF64912570A64DD163C68.d.124CE7FFC244A2E740A717CB7ACD9765.e.226}]
Capabilities {acceptInsecureCerts: false, browserName: chrome, browserVersion: 138.0.7204.159, chrome: {chromedriverVersion: 138.0.7204.168 (3e8d82e86e9..., userDataDir: C:\Users\MARIO\AppData\Loca...}, fedcm:accounts: true, goog:chromeOptions: {debuggerAddress: localhost:53848}, networkConnectionEnabled: false, pageLoadStrategy: normal, platformName: windows, proxy: Proxy(), se:cdp: ws://localhost:53848/devtoo..., se:cdpVersion: 138.0.7204.159, setWindowRect: true, strictFileInteractability: false, timeouts: {implicit: 0, pageLoad: 300000, script: 30000}, unhandledPromptBehavior: dismiss and notify, webauthn:extension:credBlob: true, webauthn:extension:largeBlob: true, webauthn:extension:minPinLength: true, webauthn:extension:prf: true, webauthn:virtualAuthenticators: true}
Element: [[[[ChromeDriver: chrome on windows (13765f5913a11786034288e434c33ab7)] -> css selector: div.single-products]] -> css selector: a.add-to-cart]
Session ID: 13765f5913a11786034288e434c33ab7]]>
            </message>
            <full-stacktrace>
[...]
          <params>
            <param index="0">
              <value is-null="true"/>
            </param>
          </params>
          <reporter-output>
          </reporter-output>
        </test-method> <!-- setup -->
        <test-method signature="TC14_NavigationTest()[pri:14, instance:mariomedhatGo.tests.AutomationTestCases@465232e9]" started-at="2025-07-28T14:46:28 EEST" name="TC14_NavigationTest" description="TC14_NavigationTest" finished-at="2025-07-28T14:46:36 EEST" duration-ms="7758" status="PASS">
          <reporter-output>
          </reporter-output>
        </test-method> <!-- TC14_NavigationTest -->
        <test-method is-config="true" signature="tearDown()[pri:0, instance:mariomedhatGo.tests.AutomationTestCases@465232e9]" started-at="2025-07-28T14:46:36 EEST" name="tearDown" finished-at="2025-07-28T14:46:36 EEST" duration-ms="245" status="PASS">
          <reporter-output>
          </reporter-output>
        </test-method> <!-- tearDown -->
        <test-method is-config="true" signature="setup(java.lang.String)[pri:0, instance:mariomedhatGo.tests.AutomationTestCases@465232e9]" started-at="2025-07-28T14:46:36 EEST" name="setup" finished-at="2025-07-28T14:46:42 EEST" duration-ms="5608" status="PASS">
          <params>
            <param index="0">
              <value is-null="true"/>
            </param>
          </params>
          <reporter-output>
          </reporter-output>
        </test-method> <!-- setup -->
        <test-method signature="TC15_DataValidationTest(java.lang.String,java.lang.String,java.lang.String,java.lang.String,java.lang.String,java.lang.String,java.lang.String,java.lang.String,java.lang.String,java.lang.String,java.lang.String,java.lang.String)[pri:15, instance:mariomedhatGo.tests.AutomationTestCases@465232e9]" started-at="2025-07-28T14:46:42 EEST" name="TC15_DataValidationTest" description="TC15_DataValidationTest" data-provider="registrationData" finished-at="2025-07-28T14:46:52 EEST" duration-ms="10803" status="PASS">
          <params>
            <param index="0">
              <value>
                <![CDATA[Mario Medhat]]>
              </value>
            </param>
            <param index="1">
              <value>
                <![CDATA[mario1@test.com]]>
              </value>
            </param>
            <param index="2">
              <value>
                <![CDATA[password123]]>
              </value>
            </param>
            <param index="3">
              <value>
                <![CDATA[Mario]]>
              </value>
            </param>
            <param index="4">
              <value>
                <![CDATA[Medhat]]>
              </value>
            </param>
            <param index="5">
              <value>
                <![CDATA[TechCorp]]>
              </value>
            </param>
            <param index="6">
              <value>
                <![CDATA[123 Main St]]>
              </value>
            </param>
            <param index="7">
              <value>
                <![CDATA[Apt 4B]]>
              </value>
            </param>
            <param index="8">
              <value>
                <![CDATA[California]]>
              </value>
            </param>
            <param index="9">
              <value>
                <![CDATA[Los Angeles]]>
              </value>
            </param>
            <param index="10">
              <value>
                <![CDATA[90210]]>
              </value>
            </param>
            <param index="11">
              <value>
                <![CDATA[1234567890]]>
              </value>
            </param>
          </params>
          <reporter-output>
          </reporter-output>
        </test-method> <!-- TC15_DataValidationTest -->
        <test-method is-config="true" signature="tearDown()[pri:0, instance:mariomedhatGo.tests.AutomationTestCases@465232e9]" started-at="2025-07-28T14:46:52 EEST" name="tearDown" finished-at="2025-07-28T14:46:53 EEST" duration-ms="256" status="PASS">
          <reporter-output>
          </reporter-output>
        </test-method> <!-- tearDown -->
        <test-method is-config="true" signature="setup(java.lang.String)[pri:0, instance:mariomedhatGo.tests.AutomationTestCases@465232e9]" started-at="2025-07-28T14:46:53 EEST" name="setup" finished-at="2025-07-28T14:46:59 EEST" duration-ms="6258" status="PASS">
          <params>
            <param index="0">
              <value is-null="true"/>
            </param>
          </params>
          <reporter-output>
          </reporter-output>
        </test-method> <!-- setup -->
        <test-method signature="TC15_DataValidationTest(java.lang.String,java.lang.String,java.lang.String,java.lang.String,java.lang.String,java.lang.String,java.lang.String,java.lang.String,java.lang.String,java.lang.String,java.lang.String,java.lang.String)[pri:15, instance:mariomedhatGo.tests.AutomationTestCases@465232e9]" started-at="2025-07-28T14:46:59 EEST" name="TC15_DataValidationTest" description="TC15_DataValidationTest" data-provider="registrationData" finished-at="2025-07-28T14:47:10 EEST" duration-ms="11171" status="PASS">
          <params>
            <param index="0">
              <value>
                <![CDATA[Ahmed Ali]]>
              </value>
            </param>
            <param index="1">
              <value>
                <![CDATA[ahmed2@test.com]]>
              </value>
            </param>
            <param index="2">
              <value>
                <![CDATA[ahmed456]]>
              </value>
            </param>
            <param index="3">
              <value>
                <![CDATA[Ahmed]]>
              </value>
            </param>
            <param index="4">
              <value>
                <![CDATA[Ali]]>
              </value>
            </param>
            <param index="5">
              <value>
                <![CDATA[DevCorp]]>
              </value>
            </param>
            <param index="6">
              <value>
                <![CDATA[456 Oak Ave]]>
              </value>
            </param>
            <param index="7">
              <value>
                <![CDATA[Suite 200]]>
              </value>
            </param>
            <param index="8">
              <value>
                <![CDATA[Texas]]>
              </value>
            </param>
            <param index="9">
              <value>
                <![CDATA[Austin]]>
              </value>
            </param>
            <param index="10">
              <value>
                <![CDATA[73301]]>
              </value>
            </param>
            <param index="11">
              <value>
                <![CDATA[9876543210]]>
              </value>
            </param>
          </params>
          <reporter-output>
          </reporter-output>
        </test-method> <!-- TC15_DataValidationTest -->
        <test-method is-config="true" signature="tearDown()[pri:0, instance:mariomedhatGo.tests.AutomationTestCases@465232e9]" started-at="2025-07-28T14:47:10 EEST" name="tearDown" finished-at="2025-07-28T14:47:10 EEST" duration-ms="242" status="PASS">
          <reporter-output>
          </reporter-output>
        </test-method> <!-- tearDown -->
        <test-method is-config="true" signature="setup(java.lang.String)[pri:0, instance:mariomedhatGo.tests.AutomationTestCases@465232e9]" started-at="2025-07-28T14:47:10 EEST" name="setup" finished-at="2025-07-28T14:47:17 EEST" duration-ms="6297" status="PASS">
          <params>
            <param index="0">
              <value is-null="true"/>
            </param>
          </params>
          <reporter-output>
          </reporter-output>
        </test-method> <!-- setup -->
        <test-method signature="TC15_DataValidationTest(java.lang.String,java.lang.String,java.lang.String,java.lang.String,java.lang.String,java.lang.String,java.lang.String,java.lang.String,java.lang.String,java.lang.String,java.lang.String,java.lang.String)[pri:15, instance:mariomedhatGo.tests.AutomationTestCases@465232e9]" started-at="2025-07-28T14:47:17 EEST" name="TC15_DataValidationTest" description="TC15_DataValidationTest" data-provider="registrationData" finished-at="2025-07-28T14:47:28 EEST" duration-ms="11150" status="PASS">
          <params>
            <param index="0">
              <value>
                <![CDATA[Sara Mohamed]]>
              </value>
            </param>
            <param index="1">
              <value>
                <![CDATA[sara3@test.com]]>
              </value>
            </param>
            <param index="2">
              <value>
                <![CDATA[sara789]]>
              </value>
            </param>
            <param index="3">
              <value>
                <![CDATA[Sara]]>
              </value>
            </param>
            <param index="4">
              <value>
                <![CDATA[Mohamed]]>
              </value>
            </param>
            <param index="5">
              <value>
                <![CDATA[TestCorp]]>
              </value>
            </param>
            <param index="6">
              <value>
                <![CDATA[789 Pine Rd]]>
              </value>
            </param>
            <param index="7">
              <value>
                <![CDATA[Floor 3]]>
              </value>
            </param>
            <param index="8">
              <value>
                <![CDATA[New York]]>
              </value>
            </param>
            <param index="9">
              <value>
                <![CDATA[Albany]]>
              </value>
            </param>
            <param index="10">
              <value>
                <![CDATA[12084]]>
              </value>
            </param>
            <param index="11">
              <value>
                <![CDATA[5555551234]]>
              </value>
            </param>
          </params>
          <reporter-output>
          </reporter-output>
        </test-method> <!-- TC15_DataValidationTest -->
        <test-method is-config="true" signature="tearDown()[pri:0, instance:mariomedhatGo.tests.AutomationTestCases@465232e9]" started-at="2025-07-28T14:47:28 EEST" name="tearDown" finished-at="2025-07-28T14:47:30 EEST" duration-ms="1836" status="PASS">
          <reporter-output>
          </reporter-output>
        </test-method> <!-- tearDown -->
        <test-method is-config="true" signature="setup(java.lang.String)[pri:0, instance:mariomedhatGo.tests.AutomationTestCases@465232e9]" started-at="2025-07-28T14:47:30 EEST" name="setup" finished-at="2025-07-28T14:47:35 EEST" duration-ms="5685" status="PASS">
          <params>
            <param index="0">
              <value is-null="true"/>
            </param>
          </params>
          <reporter-output>
          </reporter-output>
        </test-method> <!-- setup -->
        <test-method signature="TC15_DataValidationTest(java.lang.String,java.lang.String,java.lang.String,java.lang.String,java.lang.String,java.lang.String,java.lang.String,java.lang.String,java.lang.String,java.lang.String,java.lang.String,java.lang.String)[pri:15, instance:mariomedhatGo.tests.AutomationTestCases@465232e9]" started-at="2025-07-28T14:47:35 EEST" name="TC15_DataValidationTest" description="TC15_DataValidationTest" data-provider="registrationData" finished-at="2025-07-28T14:47:46 EEST" duration-ms="10847" status="PASS">
          <params>
            <param index="0">
              <value>
                <![CDATA[John Smith]]>
              </value>
            </param>
            <param index="1">
              <value>
                <![CDATA[john4@test.com]]>
              </value>
            </param>
            <param index="2">
              <value>
                <![CDATA[john123]]>
              </value>
            </param>
            <param index="3">
              <value>
                <![CDATA[John]]>
              </value>
            </param>
            <param index="4">
              <value>
                <![CDATA[Smith]]>
              </value>
            </param>
            <param index="5">
              <value>
                <![CDATA[SmithCorp]]>
              </value>
            </param>
            <param index="6">
              <value>
                <![CDATA[321 Elm St]]>
              </value>
            </param>
            <param index="7">
              <value>
                <![CDATA[Unit 5]]>
              </value>
            </param>
            <param index="8">
              <value>
                <![CDATA[Florida]]>
              </value>
            </param>
            <param index="9">
              <value>
                <![CDATA[Miami]]>
              </value>
            </param>
            <param index="10">
              <value>
                <![CDATA[33101]]>
              </value>
            </param>
            <param index="11">
              <value>
                <![CDATA[3051234567]]>
              </value>
            </param>
          </params>
          <reporter-output>
          </reporter-output>
        </test-method> <!-- TC15_DataValidationTest -->
        <test-method is-config="true" signature="tearDown()[pri:0, instance:mariomedhatGo.tests.AutomationTestCases@465232e9]" started-at="2025-07-28T14:47:46 EEST" name="tearDown" finished-at="2025-07-28T14:47:46 EEST" duration-ms="234" status="PASS">
          <reporter-output>
          </reporter-output>
        </test-method> <!-- tearDown -->
        <test-method is-config="true" signature="setup(java.lang.String)[pri:0, instance:mariomedhatGo.tests.AutomationTestCases@465232e9]" started-at="2025-07-28T14:47:46 EEST" name="setup" finished-at="2025-07-28T14:47:54 EEST" duration-ms="7663" status="PASS">
          <params>
            <param index="0">
              <value is-null="true"/>
            </param>
          </params>
          <reporter-output>
          </reporter-output>
        </test-method> <!-- setup -->
        <test-method signature="TC15_DataValidationTest(java.lang.String,java.lang.String,java.lang.String,java.lang.String,java.lang.String,java.lang.String,java.lang.String,java.lang.String,java.lang.String,java.lang.String,java.lang.String,java.lang.String)[pri:15, instance:mariomedhatGo.tests.AutomationTestCases@465232e9]" started-at="2025-07-28T14:47:54 EEST" name="TC15_DataValidationTest" description="TC15_DataValidationTest" data-provider="registrationData" finished-at="2025-07-28T14:48:03 EEST" duration-ms="9458" status="PASS">
          <params>
            <param index="0">
              <value>
                <![CDATA[Lisa Johnson]]>
              </value>
            </param>
            <param index="1">
              <value>
                <![CDATA[lisa5@test.com]]>
              </value>
            </param>
            <param index="2">
              <value>
                <![CDATA[lisa456]]>
              </value>
            </param>
            <param index="3">
              <value>
                <![CDATA[Lisa]]>
              </value>
            </param>
            <param index="4">
              <value>
                <![CDATA[Johnson]]>
              </value>
            </param>
            <param index="5">
              <value>
                <![CDATA[JohnsonInc]]>
              </value>
            </param>
            <param index="6">
              <value>
                <![CDATA[654 Maple Ave]]>
              </value>
            </param>
            <param index="7">
              <value>
                <![CDATA[Floor 2]]>
              </value>
            </param>
            <param index="8">
              <value>
                <![CDATA[Illinois]]>
              </value>
            </param>
            <param index="9">
              <value>
                <![CDATA[Chicago]]>
              </value>
            </param>
            <param index="10">
              <value>
                <![CDATA[60601]]>
              </value>
            </param>
            <param index="11">
              <value>
                <![CDATA[3122345678]]>
              </value>
            </param>
          </params>
          <reporter-output>
          </reporter-output>
        </test-method> <!-- TC15_DataValidationTest -->
        <test-method is-config="true" signature="tearDown()[pri:0, instance:mariomedhatGo.tests.AutomationTestCases@465232e9]" started-at="2025-07-28T14:48:04 EEST" name="tearDown" finished-at="2025-07-28T14:48:04 EEST" duration-ms="244" status="PASS">
          <reporter-output>
          </reporter-output>
        </test-method> <!-- tearDown -->
        <test-method is-config="true" signature="setup(java.lang.String)[pri:0, instance:mariomedhatGo.tests.AutomationTestCases@465232e9]" started-at="2025-07-28T14:48:04 EEST" name="setup" finished-at="2025-07-28T14:48:10 EEST" duration-ms="6447" status="PASS">
          <params>
            <param index="0">
              <value is-null="true"/>
            </param>
          </params>
          <reporter-output>
          </reporter-output>
        </test-method> <!-- setup -->
        <test-method signature="TC15_DataValidationTest(java.lang.String,java.lang.String,java.lang.String,java.lang.String,java.lang.String,java.lang.String,java.lang.String,java.lang.String,java.lang.String,java.lang.String,java.lang.String,java.lang.String)[pri:15, instance:mariomedhatGo.tests.AutomationTestCases@465232e9]" started-at="2025-07-28T14:48:10 EEST" name="TC15_DataValidationTest" description="TC15_DataValidationTest" data-provider="registrationData" finished-at="2025-07-28T14:48:20 EEST" duration-ms="9336" status="PASS">
          <params>
            <param index="0">
              <value>
                <![CDATA[David Wilson]]>
              </value>
            </param>
            <param index="1">
              <value>
                <![CDATA[david6@test.com]]>
              </value>
            </param>
            <param index="2">
              <value>
                <![CDATA[david789]]>
              </value>
            </param>
            <param index="3">
              <value>
                <![CDATA[David]]>
              </value>
            </param>
            <param index="4">
              <value>
                <![CDATA[Wilson]]>
              </value>
            </param>
            <param index="5">
              <value>
                <![CDATA[WilsonLLC]]>
              </value>
            </param>
            <param index="6">
              <value>
                <![CDATA[987 Oak Rd]]>
              </value>
            </param>
            <param index="7">
              <value>
                <![CDATA[Suite 10]]>
              </value>
            </param>
            <param index="8">
              <value>
                <![CDATA[Nevada]]>
              </value>
            </param>
            <param index="9">
              <value>
                <![CDATA[Las Vegas]]>
              </value>
            </param>
            <param index="10">
              <value>
                <![CDATA[89101]]>
              </value>
            </param>
            <param index="11">
              <value>
                <![CDATA[7023456789]]>
              </value>
            </param>
          </params>
          <reporter-output>
          </reporter-output>
        </test-method> <!-- TC15_DataValidationTest -->
        <test-method is-config="true" signature="tearDown()[pri:0, instance:mariomedhatGo.tests.AutomationTestCases@465232e9]" started-at="2025-07-28T14:48:20 EEST" name="tearDown" finished-at="2025-07-28T14:48:20 EEST" duration-ms="268" status="PASS">
          <reporter-output>
          </reporter-output>
        </test-method> <!-- tearDown -->
      </class> <!-- mariomedhatGo.tests.AutomationTestCases -->
    </test> <!-- Default test -->
  </suite> <!-- Default suite -->
</testng-results>
